Nome do jogador: D. FOMIN
Nacionalidade do Jogador: RUSSIA
Clube do jogador: SEM DADO

Nome do jogador: A. BERNABEI
Nacionalidade do Jogador: ARGENTINA
Clube do jogador: CELTIC

Nome do jogador: R. HAPS
Nacionalidade do Jogador: SURINAME
Clube do jogador: VENEZIA FC

Nome do jogador: S. MARCH
Nacionalidade do Jogador: ENGLAND
Clube do jogador: BRIGHTON & HOVE ALBION

Nome do jogador: O. NORWOOD
Nacionalidade do Jogador: NORTHERN IRELAND
Clube do jogador: SHEFFIELD UNITED

Nome do jogador: I. BRIZUELA
Nacionalidade do Jogador: SEM DADO
Clube do jogador: SEM DADO

Nome do jogador: J. MAKENGO
Nacionalidade do Jogador: FRANCE
Clube do jogador: UDINESE CALCIO

Nome do jogador: R. OSHIMA
Nacionalidade do Jogador: JAPAN
Clube do jogador: KAWASAKI FRONTALE

Nome do jogador: XEKA
Nacionalidade do Jogador: PORTUGAL
Clube do jogador: LOSC LILLE

Nome do jogador: M. PEREIRA LAGE
Nacionalidade do Jogador: PORTUGAL
Clube do jogador: STADE BRESTOIS 29

Nome do jogador: MEDRAN
Nacionalidade do Jogador: SPAIN
Clube do jogador: AL TAAWOUN

Nome do jogador: K. TAYLOR
Nacionalidade do Jogador: NETHERLANDS
Clube do jogador: AJAX

Nome do jogador: P. DE LA VEGA
Nacionalidade do Jogador: ARGENTINA
Clube do jogador: CLUB ATLETICO LANUS

Nome do jogador: F. NOVAK
Nacionalidade do Jogador: SEM DADO
Clube do jogador: FENERBAHCE SK

Nome do jogador: K. BELLARABI
Nacionalidade do Jogador: GERMANY
Clube do jogador: BAYER 04 LEVERKUSEN

Nome do jogador: IVI LOPEZ
Nacionalidade do Jogador: SPAIN
Clube do jogador: RAKOW CZESTOCHOWA

Nome do jogador: S. EL SHAARAWY
Nacionalidade do Jogador: ITALY
Clube do jogador: ROMA

Nome do jogador: LEONARDO LOPES
Nacionalidade do Jogador: PORTUGAL
Clube do jogador: KSV CERCLE BRUGGE

Nome do jogador: L. NUNEZ
Nacionalidade do Jogador: ARGENTINA
Clube do jogador: BURSASPOR

Nome do jogador: N. GIEELMANN
Nacionalidade do Jogador: GERMANY
Clube do jogador: 1. FC UNION BERLIN

Nome do jogador: M. AKANJI
Nacionalidade do Jogador: SWITZERLAND
Clube do jogador: BORUSSIA DORTMUND

Nome do jogador: J. DASILVA
Nacionalidade do Jogador: ENGLAND
Clube do jogador: BRENTFORD

Nome do jogador: L. REFAELOV
Nacionalidade do Jogador: ISRAEL
Clube do jogador: RSC ANDERLECHT

Nome do jogador: A. LUSAMBA
Nacionalidade do Jogador: FRANCE
Clube do jogador: AYTEMIZ ALANYASPOR

Nome do jogador: L. MARTINEZ QUARTA
Nacionalidade do Jogador: ARGENTINA
Clube do jogador: FIORENTINA

Nome do jogador: W. SNEIJDER
Nacionalidade do Jogador: NETHERLANDS
Clube do jogador: OGC NICE

Nome do jogador: NICO GONZALEZ
Nacionalidade do Jogador: SPAIN
Clube do jogador: FC BARCELONA

Nome do jogador: M. GRADEL
Nacionalidade do Jogador: COTE D'IVOIRE
Clube do jogador: DEMIR GRUP SIVASSPOR

Nome do jogador: JOVANE CABRAL
Nacionalidade do Jogador: CAPE VERDE ISLANDS
Clube do jogador: SPORTING CP

Nome do jogador: Z. CELIK
Nacionalidade do Jogador: TURKEY
Clube do jogador: ROMA

Nome do jogador: M. VINA
Nacionalidade do Jogador: URUGUAY
Clube do jogador: ROMA

Nome do jogador: MUNIR
Nacionalidade do Jogador: MOROCCO
Clube do jogador: SEVILLA FC

Nome do jogador: T. VALLS
Nacionalidade do Jogador: FRANCE
Clube do jogador: SERVETTE FC

Nome do jogador: N. POWELL
Nacionalidade do Jogador: ENGLAND
Clube do jogador: STOKE CITY

Nome do jogador: J. CORREA
Nacionalidade do Jogador: ARGENTINA
Clube do jogador: INTER

Nome do jogador: F. VAZQUEZ
Nacionalidade do Jogador: ARGENTINA
Clube do jogador: PARMA

Nome do jogador: V. ROSIER
Nacionalidade do Jogador: FRANCE
Clube do jogador: BESIKTAS JK

Nome do jogador: DEULOFEU
Nacionalidade do Jogador: SPAIN
Clube do jogador: UDINESE CALCIO

Nome do jogador: A. LAPORTE
Nacionalidade do Jogador: SPAIN
Clube do jogador: MANCHESTER CITY

Nome do jogador: C. VELA
Nacionalidade do Jogador: MEXICO
Clube do jogador: LOS ANGELES FC

Nome do jogador: WELLINGTON SABRAO
Nacionalidade do Jogador: BRAZIL
Clube do jogador: FLAMENGO

Nome do jogador: A. TRAORE
Nacionalidade do Jogador: MALI
Clube do jogador: ATAKAS HATAYSPOR

Nome do jogador: T. HAMED
Nacionalidade do Jogador: EGYPT
Clube do jogador: AL ITTIHAD

Nome do jogador: J. BAMBA
Nacionalidade do Jogador: FRANCE
Clube do jogador: LOSC LILLE

Nome do jogador: M. RICCI
Nacionalidade do Jogador: ITALY
Clube do jogador: FATIH KARAGUMRUK S.K.

Nome do jogador: A. CHUMACERO
Nacionalidade do Jogador: BOLIVIA
Clube do jogador: CLUB ALWAYS READY

Nome do jogador: N. BAJRAMI
Nacionalidade do Jogador: ALBANIA
Clube do jogador: EMPOLI

Nome do jogador: M. DIABY
Nacionalidade do Jogador: FRANCE
Clube do jogador: BAYER 04 LEVERKUSEN

Nome do jogador: C. JONES
Nacionalidade do Jogador: ENGLAND
Clube do jogador: LIVERPOOL

Nome do jogador: S. KOLASINAC
Nacionalidade do Jogador: BOSNIA AND HERZEGOVINA
Clube do jogador: OLYMPIQUE DE MARSEILLE

Nome do jogador: L. HENDERSON
Nacionalidade do Jogador: SCOTLAND
Clube do jogador: EMPOLI

Nome do jogador: F. PASSLACK
Nacionalidade do Jogador: GERMANY
Clube do jogador: BORUSSIA DORTMUND

Nome do jogador: X. MERCIER
Nacionalidade do Jogador: FRANCE
Clube do jogador: FERENCVAROSI TC

Nome do jogador: EMBARBA
Nacionalidade do Jogador: SPAIN
Clube do jogador: RCD ESPANYOL DE BARCELONA

Nome do jogador: M. SVANBERG
Nacionalidade do Jogador: SWEDEN
Clube do jogador: VFL WOLFSBURG

Nome do jogador: R. LEONARD
Nacionalidade do Jogador: ENGLAND
Clube do jogador: MILLWALL

Nome do jogador: LUCAS PEREZ
Nacionalidade do Jogador: SPAIN
Clube do jogador: CADIZ CF

Nome do jogador: R. SESSEGNON
Nacionalidade do Jogador: ENGLAND
Clube do jogador: TOTTENHAM HOTSPUR

Nome do jogador: S. DIOP
Nacionalidade do Jogador: FRANCE
Clube do jogador: AS MONACO

Nome do jogador: C. BERNARDI
Nacionalidade do Jogador: ARGENTINA
Clube do jogador: CLUB ATLETICO COLON

Nome do jogador: C. DOUCOURE
Nacionalidade do Jogador: MALI
Clube do jogador: CRYSTAL PALACE

Nome do jogador: M. TAREMI
Nacionalidade do Jogador: IRAN
Clube do jogador: FC PORTO

Nome do jogador: C. TEVEZ
Nacionalidade do Jogador: ARGENTINA
Clube do jogador: BOCA JUNIORS

Nome do jogador: A. TREBEL
Nacionalidade do Jogador: FRANCE
Clube do jogador: RSC ANDERLECHT

Nome do jogador: S. GIMENEZ
Nacionalidade do Jogador: MEXICO
Clube do jogador: FEYENOORD

Nome do jogador: J. CULLEN
Nacionalidade do Jogador: REPUBLIC OF IRELAND
Clube do jogador: BURNLEY

Nome do jogador: JUNIOR MESSIAS
Nacionalidade do Jogador: BRAZIL
Clube do jogador: AC MILAN

Nome do jogador: O. NWOBODO
Nacionalidade do Jogador: NIGERIA
Clube do jogador: FC CINCINNATI

Nome do jogador: F. WALLER
Nacionalidade do Jogador: URUGUAY
Clube do jogador: CLUB ATLETICO DE SAN LUIS

Nome do jogador: A. CAMPBELL
Nacionalidade do Jogador: SCOTLAND
Clube do jogador: LUTON TOWN

Nome do jogador: FRAN BELTRAN
Nacionalidade do Jogador: SPAIN
Clube do jogador: RC CELTA DE VIGO

Nome do jogador: B. DEJAEGERE
Nacionalidade do Jogador: BELGIUM
Clube do jogador: TOULOUSE FOOTBALL CLUB

Nome do jogador: L. TROSSARD
Nacionalidade do Jogador: BELGIUM
Clube do jogador: BRIGHTON & HOVE ALBION

Nome do jogador: G. XHAKA
Nacionalidade do Jogador: SWITZERLAND
Clube do jogador: ARSENAL

Nome do jogador: M. GIBBS-WHITE
Nacionalidade do Jogador: ENGLAND
Clube do jogador: WOLVERHAMPTON WANDERERS

Nome do jogador: F. HONORAT
Nacionalidade do Jogador: FRANCE
Clube do jogador: STADE BRESTOIS 29

Nome do jogador: E. AKBABA
Nacionalidade do Jogador: TURKEY
Clube do jogador: GALATASARAY SK

Nome do jogador: V. BERISHA
Nacionalidade do Jogador: NORWAY
Clube do jogador: SEM DADO

Nome do jogador: K. ROOFE
Nacionalidade do Jogador: JAMAICA
Clube do jogador: RANGERS FC

Nome do jogador: A. NAJAR
Nacionalidade do Jogador: HONDURAS
Clube do jogador: D.C. UNITED

Nome do jogador: A. MOZO
Nacionalidade do Jogador: MEXICO
Clube do jogador: CLUB UNIVERSIDAD NACIONAL

Nome do jogador: G. GALOPPO
Nacionalidade do Jogador: SEM DADO
Clube do jogador: CLUB ATLETICO BANFIELD

Nome do jogador: J. MACLAREN
Nacionalidade do Jogador: AUSTRALIA
Clube do jogador: MELBOURNE CITY FC

Nome do jogador: E. INSUA
Nacionalidade do Jogador: ARGENTINA
Clube do jogador: RACING CLUB

Nome do jogador: A. OYONGO
Nacionalidade do Jogador: CAMEROON
Clube do jogador: MONTPELLIER HERAULT SC

Nome do jogador: D. DROGBA
Nacionalidade do Jogador: COTE D'IVOIRE
Clube do jogador: SEM DADO

Nome do jogador: RAUL GUTI
Nacionalidade do Jogador: SPAIN
Clube do jogador: ELCHE CF

Nome do jogador: B. SOUMARE
Nacionalidade do Jogador: FRANCE
Clube do jogador: LEICESTER CITY

Nome do jogador: J. MCARTHUR
Nacionalidade do Jogador: SCOTLAND
Clube do jogador: CRYSTAL PALACE

Nome do jogador: RAFA MIR
Nacionalidade do Jogador: SPAIN
Clube do jogador: SEVILLA FC

Nome do jogador: PEDRO REBOCHO
Nacionalidade do Jogador: PORTUGAL
Clube do jogador: LECH POZNAN

Nome do jogador: A. NYOM
Nacionalidade do Jogador: CAMEROON
Clube do jogador: CD LEGANES

Nome do jogador: LEE CHANG MIN
Nacionalidade do Jogador: KOREA REPUBLIC
Clube do jogador: JEJU UNITED FC

Nome do jogador: L. SUAREZ
Nacionalidade do Jogador: COLOMBIA
Clube do jogador: OLYMPIQUE DE MARSEILLE

Nome do jogador: E. SANCHEZ
Nacionalidade do Jogador: MEXICO
Clube do jogador: PACHUCA

Nome do jogador: M. MITTELSTADT
Nacionalidade do Jogador: GERMANY
Clube do jogador: HERTHA BSC

Nome do jogador: L. GORTLER
Nacionalidade do Jogador: GERMANY
Clube do jogador: FC ST. GALLEN 1879

Nome do jogador: C. PULISIC
Nacionalidade do Jogador: UNITED STATES
Clube do jogador: CHELSEA

Nome do jogador: L. BOYE
Nacionalidade do Jogador: ARGENTINA
Clube do jogador: ELCHE CF

Nome do jogador: A. VRANCKX
Nacionalidade do Jogador: BELGIUM
Clube do jogador: VFL WOLFSBURG

Nome do jogador: S. KEITA
Nacionalidade do Jogador: MALI
Clube do jogador: ROMA

Nome do jogador: D. JAMES
Nacionalidade do Jogador: WALES
Clube do jogador: LEEDS UNITED

Nome do jogador: G. KAKUTA
Nacionalidade do Jogador: CONGO DR
Clube do jogador: RACING CLUB DE LENS

Nome do jogador: D. MCNEIL
Nacionalidade do Jogador: ENGLAND
Clube do jogador: EVERTON

Nome do jogador: ZECA
Nacionalidade do Jogador: GREECE
Clube do jogador: F.C. KBENHAVN

Nome do jogador: G. HAUCHE
Nacionalidade do Jogador: ARGENTINA
Clube do jogador: SEM DADO

Nome do jogador: N. MATIC
Nacionalidade do Jogador: SERBIA
Clube do jogador: ROMA

Nome do jogador: A. VELASCO
Nacionalidade do Jogador: ARGENTINA
Clube do jogador: FC DALLAS

Nome do jogador: E. DZEKO
Nacionalidade do Jogador: BOSNIA AND HERZEGOVINA
Clube do jogador: INTER

Nome do jogador: PEP BIEL
Nacionalidade do Jogador: SPAIN
Clube do jogador: F.C. KBENHAVN

Nome do jogador: F. CARBALLO
Nacionalidade do Jogador: URUGUAY
Clube do jogador: CLUB NACIONAL DE FOOTBALL

Nome do jogador: P. DIOP
Nacionalidade do Jogador: SENEGAL
Clube do jogador: UD IBIZA

Nome do jogador: PAULINHO
Nacionalidade do Jogador: BRAZIL
Clube do jogador: AL FAYHA

Nome do jogador: B. MENSAH
Nacionalidade do Jogador: GHANA
Clube do jogador: YUKATEL KAYSERISPOR

Nome do jogador: M. BULAT
Nacionalidade do Jogador: CROATIA
Clube do jogador: DINAMO ZAGREB

Nome do jogador: E. COPETTI
Nacionalidade do Jogador: ARGENTINA
Clube do jogador: RACING CLUB

Nome do jogador: G. PIOVI
Nacionalidade do Jogador: ARGENTINA
Clube do jogador: RACING CLUB

Nome do jogador: D. FOULQUIER
Nacionalidade do Jogador: FRANCE
Clube do jogador: VALENCIA CF

Nome do jogador: J. BRUUN LARSEN
Nacionalidade do Jogador: DENMARK
Clube do jogador: TSG HOFFENHEIM

Nome do jogador: PACO ALCACER
Nacionalidade do Jogador: SPAIN
Clube do jogador: VILLARREAL CF

Nome do jogador: R. ECHEVERRIA
Nacionalidade do Jogador: CHILE
Clube do jogador: CD EVERTON DE VINA DEL MAR

Nome do jogador: J. MHLE
Nacionalidade do Jogador: DENMARK
Clube do jogador: ATALANTA

Nome do jogador: C. DEAC
Nacionalidade do Jogador: ROMANIA
Clube do jogador: CFR CLUJ

Nome do jogador: L. CACACE
Nacionalidade do Jogador: NEW ZEALAND
Clube do jogador: EMPOLI

Nome do jogador: B. TRAORE
Nacionalidade do Jogador: BURKINA FASO
Clube do jogador: ASTON VILLA

Nome do jogador: G. MAGGIORE
Nacionalidade do Jogador: ITALY
Clube do jogador: SPEZIA

Nome do jogador: O. DUDA
Nacionalidade do Jogador: SLOVAKIA
Clube do jogador: 1. FC KOLN

Nome do jogador: H. REED
Nacionalidade do Jogador: ENGLAND
Clube do jogador: FULHAM

Nome do jogador: M. DEGENEK
Nacionalidade do Jogador: AUSTRALIA
Clube do jogador: COLUMBUS CREW

Nome do jogador: HECTOR BELLERIN
Nacionalidade do Jogador: SPAIN
Clube do jogador: ARSENAL

Nome do jogador: J. TIMBER
Nacionalidade do Jogador: NETHERLANDS
Clube do jogador: AJAX

Nome do jogador: RODRYGO
Nacionalidade do Jogador: BRAZIL
Clube do jogador: REAL MADRID CF

Nome do jogador: ADRIAN GONZALEZ
Nacionalidade do Jogador: SPAIN
Clube do jogador: CF FUENLABRADA

Nome do jogador: ROMARINHO
Nacionalidade do Jogador: BRAZIL
Clube do jogador: AL ITTIHAD

Nome do jogador: PAULINHO
Nacionalidade do Jogador: PORTUGAL
Clube do jogador: SPORTING CP

Nome do jogador: M. CASTAGNETTI
Nacionalidade do Jogador: ITALY
Clube do jogador: US CREMONESE

Nome do jogador: M. FARES
Nacionalidade do Jogador: ALGERIA
Clube do jogador: LAZIO

Nome do jogador: K. MBABU
Nacionalidade do Jogador: SWITZERLAND
Clube do jogador: FULHAM

Nome do jogador: J. MCCLEAN
Nacionalidade do Jogador: REPUBLIC OF IRELAND
Clube do jogador: WIGAN ATHLETIC

Nome do jogador: K. NAISMITH
Nacionalidade do Jogador: SCOTLAND
Clube do jogador: BRISTOL CITY

Nome do jogador: G. TRAUNER
Nacionalidade do Jogador: AUSTRIA
Clube do jogador: FEYENOORD

Nome do jogador: S. RICCI
Nacionalidade do Jogador: ITALY
Clube do jogador: TORINO F.C.

Nome do jogador: TCHECO
Nacionalidade do Jogador: SEM DADO
Clube do jogador: CORITIBA

Nome do jogador: J. QUINTERO
Nacionalidade do Jogador: COLOMBIA
Clube do jogador: RIVER PLATE

Nome do jogador: J. GREGUS
Nacionalidade do Jogador: SLOVAKIA
Clube do jogador: SAN JOSE EARTHQUAKES

Nome do jogador: LUIZ GUSTAVO
Nacionalidade do Jogador: BRAZIL
Clube do jogador: AL NASSR

Nome do jogador: VITOLO
Nacionalidade do Jogador: SPAIN
Clube do jogador: SEM DADO

Nome do jogador: F. SOTOCA
Nacionalidade do Jogador: FRANCE
Clube do jogador: RACING CLUB DE LENS

Nome do jogador: J. DE GUZMAN
Nacionalidade do Jogador: NETHERLANDS
Clube do jogador: SPARTA ROTTERDAM

Nome do jogador: B. OSAYI-SAMUEL
Nacionalidade do Jogador: NIGERIA
Clube do jogador: FENERBAHCE SK

Nome do jogador: K. DIATTA
Nacionalidade do Jogador: SENEGAL
Clube do jogador: AS MONACO

Nome do jogador: MARIANO
Nacionalidade do Jogador: DOMINICAN REPUBLIC
Clube do jogador: REAL MADRID CF

Nome do jogador: C. KOUYATE
Nacionalidade do Jogador: SENEGAL
Clube do jogador: CRYSTAL PALACE

Nome do jogador: J. ORTIZ
Nacionalidade do Jogador: ECUADOR
Clube do jogador: INDEPENDIENTE DEL VALLE

Nome do jogador: OLIVER TORRES
Nacionalidade do Jogador: SPAIN
Clube do jogador: SEVILLA FC

Nome do jogador: P. KALULU
Nacionalidade do Jogador: FRANCE
Clube do jogador: AC MILAN

Nome do jogador: IAGO
Nacionalidade do Jogador: BRAZIL
Clube do jogador: FC AUGSBURG

Nome do jogador: CARLINHOS
Nacionalidade do Jogador: BRAZIL
Clube do jogador: PORTIMONENSE SC

Nome do jogador: G. LOVRENCSICS
Nacionalidade do Jogador: HUNGARY
Clube do jogador: HAJDUK SPLIT

Nome do jogador: K. THORSTVEDT
Nacionalidade do Jogador: NORWAY
Clube do jogador: U.S. SASSUOLO CALCIO

Nome do jogador: C. WILSON
Nacionalidade do Jogador: ENGLAND
Clube do jogador: NEWCASTLE UNITED

Nome do jogador: E. NDICKA
Nacionalidade do Jogador: FRANCE
Clube do jogador: EINTRACHT FRANKFURT

Nome do jogador: A. MORELOS
Nacionalidade do Jogador: COLOMBIA
Clube do jogador: RANGERS FC

Nome do jogador: S. HALLER
Nacionalidade do Jogador: COTE D'IVOIRE
Clube do jogador: BORUSSIA DORTMUND

Nome do jogador: A. ROBBEN
Nacionalidade do Jogador: NETHERLANDS
Clube do jogador: FC GRONINGEN

Nome do jogador: M. RITZMAIER
Nacionalidade do Jogador: AUSTRIA
Clube do jogador: SV SANDHAUSEN

Nome do jogador: B. DACK
Nacionalidade do Jogador: ENGLAND
Clube do jogador: BLACKBURN ROVERS

Nome do jogador: L. BONUCCI
Nacionalidade do Jogador: ITALY
Clube do jogador: JUVENTUS

Nome do jogador: E. BOATENG
Nacionalidade do Jogador: GHANA
Clube do jogador: DALIAN PROFESSIONAL FOOTBALL CLUB

Nome do jogador: F. FARIAS
Nacionalidade do Jogador: ARGENTINA
Clube do jogador: CLUB ATLETICO COLON

Nome do jogador: E. FORSBERG
Nacionalidade do Jogador: SWEDEN
Clube do jogador: RB LEIPZIG

Nome do jogador: ISI
Nacionalidade do Jogador: SPAIN
Clube do jogador: RAYO VALLECANO

Nome do jogador: H. MUKHTAR
Nacionalidade do Jogador: GERMANY
Clube do jogador: NASHVILLE SC

Nome do jogador: J. HARRISON
Nacionalidade do Jogador: ENGLAND
Clube do jogador: LEEDS UNITED

Nome do jogador: A. HUTCHINSON
Nacionalidade do Jogador: CANADA
Clube do jogador: BESIKTAS JK

Nome do jogador: M. RASHICA
Nacionalidade do Jogador: KOSOVO
Clube do jogador: NORWICH CITY

Nome do jogador: O. AINA
Nacionalidade do Jogador: NIGERIA
Clube do jogador: TORINO F.C.

Nome do jogador: JUNIOR FIRPO
Nacionalidade do Jogador: SPAIN
Clube do jogador: LEEDS UNITED

Nome do jogador: D. NDONG
Nacionalidade do Jogador: GABON
Clube do jogador: DIJON FCO

Nome do jogador: M. CUISANCE
Nacionalidade do Jogador: FRANCE
Clube do jogador: VENEZIA FC

Nome do jogador: M. MAREGA
Nacionalidade do Jogador: MALI
Clube do jogador: AL HILAL

Nome do jogador: T. DAVIES
Nacionalidade do Jogador: ENGLAND
Clube do jogador: EVERTON

Nome do jogador: A. VEGA
Nacionalidade do Jogador: MEXICO
Clube do jogador: SEM DADO

Nome do jogador: P. MPANZU
Nacionalidade do Jogador: CONGO DR
Clube do jogador: LUTON TOWN

Nome do jogador: T. MOTTA
Nacionalidade do Jogador: ITALY
Clube do jogador: PARIS SAINT-GERMAIN

Nome do jogador: W. KHAZRI
Nacionalidade do Jogador: TUNISIA
Clube do jogador: MONTPELLIER HERAULT SC

Nome do jogador: P. EVRA
Nacionalidade do Jogador: FRANCE
Clube do jogador: WEST HAM UNITED

Nome do jogador: M. MALSA
Nacionalidade do Jogador: FRANCE
Clube do jogador: LEVANTE UNION DEPORTIVA

Nome do jogador: P. KIMPEMBE
Nacionalidade do Jogador: FRANCE
Clube do jogador: PARIS SAINT-GERMAIN

Nome do jogador: A. TOWNSEND
Nacionalidade do Jogador: ENGLAND
Clube do jogador: EVERTON

Nome do jogador: A. TELLO
Nacionalidade do Jogador: COLOMBIA
Clube do jogador: BENEVENTO

Nome do jogador: AGUADO
Nacionalidade do Jogador: SPAIN
Clube do jogador: REAL VALLADOLID CF

Nome do jogador: WILLIAN
Nacionalidade do Jogador: BRAZIL
Clube do jogador: CRUZEIRO

Nome do jogador: E. MAS
Nacionalidade do Jogador: ARGENTINA
Clube do jogador: ESTUDIANTES DE LA PLATA

Nome do jogador: J. BREKALO
Nacionalidade do Jogador: CROATIA
Clube do jogador: VFL WOLFSBURG

Nome do jogador: PABLO HERNANDEZ
Nacionalidade do Jogador: SPAIN
Clube do jogador: LEEDS UNITED

Nome do jogador: JOSE CALLEJON
Nacionalidade do Jogador: SPAIN
Clube do jogador: GRANADA CF

Nome do jogador: A. ZORGANE
Nacionalidade do Jogador: ALGERIA
Clube do jogador: ROYAL CHARLEROI S.C.

Nome do jogador: J. BURKARDT
Nacionalidade do Jogador: GERMANY
Clube do jogador: 1. FSV MAINZ 05

Nome do jogador: P. BAMFORD
Nacionalidade do Jogador: ENGLAND
Clube do jogador: LEEDS UNITED

Nome do jogador: N. ROVELLA
Nacionalidade do Jogador: ITALY
Clube do jogador: JUVENTUS

Nome do jogador: M. EKICI
Nacionalidade do Jogador: TURKEY
Clube do jogador: SEM DADO

Nome do jogador: M. EGGESTEIN
Nacionalidade do Jogador: GERMANY
Clube do jogador: SPORT-CLUB FREIBURG

Nome do jogador: JOAO PEDRO
Nacionalidade do Jogador: PORTUGAL
Clube do jogador: CD TONDELA

Nome do jogador: J. MASCHERANO
Nacionalidade do Jogador: ARGENTINA
Clube do jogador: ESTUDIANTES DE LA PLATA

Nome do jogador: N. COLAZO
Nacionalidade do Jogador: ARGENTINA
Clube do jogador: GIMNASIA Y ESGRIMA LA PLATA

Nome do jogador: T. MINAMINO
Nacionalidade do Jogador: JAPAN
Clube do jogador: AS MONACO

Nome do jogador: J. PINOLA
Nacionalidade do Jogador: ARGENTINA
Clube do jogador: RIVER PLATE

Nome do jogador: B. PETKOVIC
Nacionalidade do Jogador: CROATIA
Clube do jogador: DINAMO ZAGREB

Nome do jogador: E. BOHINEN
Nacionalidade do Jogador: NORWAY
Clube do jogador: US SALERNITANA 1919

Nome do jogador: F. GRILLITSCH
Nacionalidade do Jogador: AUSTRIA
Clube do jogador: TSG HOFFENHEIM

Nome do jogador: K. STROOTMAN
Nacionalidade do Jogador: NETHERLANDS
Clube do jogador: OLYMPIQUE DE MARSEILLE

Nome do jogador: O. GOVEA
Nacionalidade do Jogador: MEXICO
Clube do jogador: SV ZULTE WAREGEM

Nome do jogador: A. ARMSTRONG
Nacionalidade do Jogador: ENGLAND
Clube do jogador: SOUTHAMPTON

Nome do jogador: F. BELLUSCHI
Nacionalidade do Jogador: ARGENTINA
Clube do jogador: NEWELL'S OLD BOYS

Nome do jogador: D. BATALLINI
Nacionalidade do Jogador: ARGENTINA
Clube do jogador: CLUB ATLETICO INDEPENDIENTE

Nome do jogador: M. ULLMANN
Nacionalidade do Jogador: AUSTRIA
Clube do jogador: VENEZIA FC

Nome do jogador: F. BORINI
Nacionalidade do Jogador: ITALY
Clube do jogador: FATIH KARAGUMRUK S.K.

Nome do jogador: A. BELOTTI
Nacionalidade do Jogador: ITALY
Clube do jogador: SEM DADO

Nome do jogador: BEBE
Nacionalidade do Jogador: CAPE VERDE ISLANDS
Clube do jogador: RAYO VALLECANO

Nome do jogador: M. ELNENY
Nacionalidade do Jogador: EGYPT
Clube do jogador: ARSENAL

Nome do jogador: M. MEYER
Nacionalidade do Jogador: GERMANY
Clube do jogador: FENERBAHCE SK

Nome do jogador: D. BOUANGA
Nacionalidade do Jogador: GABON
Clube do jogador: LOS ANGELES FC

Nome do jogador: D. FORLAN
Nacionalidade do Jogador: URUGUAY
Clube do jogador: SEM DADO

Nome do jogador: E. EZE
Nacionalidade do Jogador: ENGLAND
Clube do jogador: CRYSTAL PALACE

Nome do jogador: D. CALVERT-LEWIN
Nacionalidade do Jogador: ENGLAND
Clube do jogador: EVERTON

Nome do jogador: T. ADAMS
Nacionalidade do Jogador: UNITED STATES
Clube do jogador: LEEDS UNITED

Nome do jogador: K. KONATE
Nacionalidade do Jogador: COTE D'IVOIRE
Clube do jogador: SEM DADO

Nome do jogador: O. AL SOMAH
Nacionalidade do Jogador: SYRIA
Clube do jogador: AL AHLI

Nome do jogador: J. HOWSON
Nacionalidade do Jogador: ENGLAND
Clube do jogador: MIDDLESBROUGH

Nome do jogador: J. CARRASCAL
Nacionalidade do Jogador: COLOMBIA
Clube do jogador: PFC CSKA MOSCOW

Nome do jogador: ALEIX GARCIA
Nacionalidade do Jogador: SPAIN
Clube do jogador: GIRONA FC

Nome do jogador: G. SHIBASAKI
Nacionalidade do Jogador: JAPAN
Clube do jogador: CD LEGANES

Nome do jogador: H. MORITA
Nacionalidade do Jogador: JAPAN
Clube do jogador: SPORTING CP

Nome do jogador: R. HOLZHAUSER
Nacionalidade do Jogador: AUSTRIA
Clube do jogador: OUD-HEVERLEE LEUVEN

Nome do jogador: L. BARREIRO MARTINS
Nacionalidade do Jogador: LUXEMBOURG
Clube do jogador: 1. FSV MAINZ 05

Nome do jogador: F. ONYEKA
Nacionalidade do Jogador: NIGERIA
Clube do jogador: BRENTFORD

Nome do jogador: O. MANGALA
Nacionalidade do Jogador: BELGIUM
Clube do jogador: NOTTINGHAM FOREST

Nome do jogador: P. SCHUURS
Nacionalidade do Jogador: NETHERLANDS
Clube do jogador: AJAX

Nome do jogador: J. ALLEN
Nacionalidade do Jogador: WALES
Clube do jogador: SWANSEA CITY

Nome do jogador: J. BERGET
Nacionalidade do Jogador: NORWAY
Clube do jogador: MALMO FF

Nome do jogador: V. CLAESSON
Nacionalidade do Jogador: SWEDEN
Clube do jogador: F.C. KBENHAVN

Nome do jogador: M. OLISE
Nacionalidade do Jogador: FRANCE
Clube do jogador: CRYSTAL PALACE

Nome do jogador: C. ADAMS
Nacionalidade do Jogador: SCOTLAND
Clube do jogador: SOUTHAMPTON

Nome do jogador: WU LEI
Nacionalidade do Jogador: CHINA PR
Clube do jogador: RCD ESPANYOL DE BARCELONA

Nome do jogador: V. WANYAMA
Nacionalidade do Jogador: KENYA
Clube do jogador: CLUB DE FOOT MONTREAL

Nome do jogador: HWANG UI JO
Nacionalidade do Jogador: KOREA REPUBLIC
Clube do jogador: FC GIRONDINS DE BORDEAUX

Nome do jogador: L. COULIBALY
Nacionalidade do Jogador: MALI
Clube do jogador: US SALERNITANA 1919

Nome do jogador: D. RUBIO
Nacionalidade do Jogador: CHILE
Clube do jogador: COLORADO RAPIDS

Nome do jogador: D. SORESCU
Nacionalidade do Jogador: ROMANIA
Clube do jogador: RAKOW CZESTOCHOWA

Nome do jogador: J. BUFFARINI
Nacionalidade do Jogador: ARGENTINA
Clube do jogador: CLUB ATLETICO TALLERES

Nome do jogador: M. KACER
Nacionalidade do Jogador: SLOVAKIA
Clube do jogador: FC VIKTORIA PLZEN

Nome do jogador: JOAQUIN
Nacionalidade do Jogador: SPAIN
Clube do jogador: REAL BETIS BALOMPIE

Nome do jogador: I. MATHEW
Nacionalidade do Jogador: NIGERIA
Clube do jogador: LILLESTRM SK

Nome do jogador: SEBA
Nacionalidade do Jogador: BRAZIL
Clube do jogador: AL SHABAB

Nome do jogador: JONY
Nacionalidade do Jogador: SPAIN
Clube do jogador: REAL SPORTING DE GIJON

Nome do jogador: J. ONANA
Nacionalidade do Jogador: CAMEROON
Clube do jogador: FC GIRONDINS DE BORDEAUX

Nome do jogador: M. DAMSGAARD
Nacionalidade do Jogador: DENMARK
Clube do jogador: U.C. SAMPDORIA

Nome do jogador: ALEX MUNOZ
Nacionalidade do Jogador: SPAIN
Clube do jogador: LEVANTE UNION DEPORTIVA

Nome do jogador: L. GEERTRUIDA
Nacionalidade do Jogador: NETHERLANDS
Clube do jogador: FEYENOORD

Nome do jogador: LUIZ CARLOS
Nacionalidade do Jogador: BRAZIL
Clube do jogador: FC PACOS DE FERREIRA

Nome do jogador: L. NMECHA
Nacionalidade do Jogador: GERMANY
Clube do jogador: VFL WOLFSBURG

Nome do jogador: S. LICHTSTEINER
Nacionalidade do Jogador: SWITZERLAND
Clube do jogador: FC AUGSBURG

Nome do jogador: V. KORNIIENKO
Nacionalidade do Jogador: UKRAINE
Clube do jogador: SHAKHTAR DONETSK

Nome do jogador: K. ONISIWO
Nacionalidade do Jogador: AUSTRIA
Clube do jogador: 1. FSV MAINZ 05

Nome do jogador: J. MURPHY
Nacionalidade do Jogador: ENGLAND
Clube do jogador: NEWCASTLE UNITED

Nome do jogador: R. HOLLINGSHEAD
Nacionalidade do Jogador: UNITED STATES
Clube do jogador: LOS ANGELES FC

Nome do jogador: R. SIGURJONSSON
Nacionalidade do Jogador: ICELAND
Clube do jogador: CFR CLUJ

Nome do jogador: EDERSON
Nacionalidade do Jogador: BRAZIL
Clube do jogador: ATALANTA

Nome do jogador: EVERTON
Nacionalidade do Jogador: BRAZIL
Clube do jogador: SL BENFICA

Nome do jogador: L. GODOY
Nacionalidade do Jogador: ARGENTINA
Clube do jogador: ESTUDIANTES DE LA PLATA

Nome do jogador: B. AARONSON
Nacionalidade do Jogador: UNITED STATES
Clube do jogador: LEEDS UNITED

Nome do jogador: N. CLYNE
Nacionalidade do Jogador: ENGLAND
Clube do jogador: CRYSTAL PALACE

Nome do jogador: Q. TIMBER
Nacionalidade do Jogador: NETHERLANDS
Clube do jogador: FEYENOORD

Nome do jogador: S. CORCHIA
Nacionalidade do Jogador: FRANCE
Clube do jogador: FC NANTES

Nome do jogador: D. LOUISERRE
Nacionalidade do Jogador: FRANCE
Clube do jogador: EN AVANT DE GUINGAMP

Nome do jogador: A. BOBICHON
Nacionalidade do Jogador: FRANCE
Clube do jogador: ANGERS SCO

Nome do jogador: J. FOYTH
Nacionalidade do Jogador: ARGENTINA
Clube do jogador: VILLARREAL CF

Nome do jogador: ADAMA TRAORE
Nacionalidade do Jogador: SPAIN
Clube do jogador: WOLVERHAMPTON WANDERERS

Nome do jogador: A. HLOZEK
Nacionalidade do Jogador: CZECH REPUBLIC
Clube do jogador: SEM DADO

Nome do jogador: R. KENT
Nacionalidade do Jogador: ENGLAND
Clube do jogador: RANGERS FC

Nome do jogador: T. ROBERTS
Nacionalidade do Jogador: ZIMBABWE
Clube do jogador: AFC RICHMOND

Nome do jogador: J. LOUIS
Nacionalidade do Jogador: HAITI
Clube do jogador: STADE MALHERBE CAEN

Nome do jogador: J. KING
Nacionalidade do Jogador: NORWAY
Clube do jogador: FENERBAHCE SK

Nome do jogador: B. WHITEMAN
Nacionalidade do Jogador: ENGLAND
Clube do jogador: PRESTON NORTH END

Nome do jogador: J. IRVINE
Nacionalidade do Jogador: AUSTRALIA
Clube do jogador: FC ST. PAULI

Nome do jogador: M. GRIMES
Nacionalidade do Jogador: ENGLAND
Clube do jogador: SWANSEA CITY

Nome do jogador: D. ZAPATA
Nacionalidade do Jogador: COLOMBIA
Clube do jogador: ATALANTA

Nome do jogador: M. NAME
Nacionalidade do Jogador: SENEGAL
Clube do jogador: PARIS FC

Nome do jogador: O. KUKOC
Nacionalidade do Jogador: ENGLAND
Clube do jogador: AFC RICHMOND

Nome do jogador: FEI NANDUO
Nacionalidade do Jogador: CHINA PR
Clube do jogador: GUANGZHOU FC

Nome do jogador: N. MAUPAY
Nacionalidade do Jogador: FRANCE
Clube do jogador: BRIGHTON & HOVE ALBION

Nome do jogador: A. YUSUF
Nacionalidade do Jogador: NIGERIA
Clube do jogador: ROYAL ANTWERP FC

Nome do jogador: DANI GARCIA
Nacionalidade do Jogador: SPAIN
Clube do jogador: ATHLETIC CLUB DE BILBAO

Nome do jogador: T. CLEVERLEY
Nacionalidade do Jogador: ENGLAND
Clube do jogador: WATFORD

Nome do jogador: J. KUCHTA
Nacionalidade do Jogador: CZECH REPUBLIC
Clube do jogador: SEM DADO

Nome do jogador: L. BLESSING
Nacionalidade do Jogador: GHANA
Clube do jogador: LOS ANGELES FC

Nome do jogador: KIM TAE HWAN
Nacionalidade do Jogador: KOREA REPUBLIC
Clube do jogador: ULSAN HYUNDAI FC

Nome do jogador: T. ABRAHAM
Nacionalidade do Jogador: ENGLAND
Clube do jogador: ROMA

Nome do jogador: THIERRY CORREIA
Nacionalidade do Jogador: PORTUGAL
Clube do jogador: VALENCIA CF

Nome do jogador: NANI
Nacionalidade do Jogador: PORTUGAL
Clube do jogador: MELBOURNE VICTORY

Nome do jogador: A. SMITH
Nacionalidade do Jogador: ENGLAND
Clube do jogador: SEM DADO

Nome do jogador: MATHEUS HENRIQUE
Nacionalidade do Jogador: BRAZIL
Clube do jogador: U.S. SASSUOLO CALCIO

Nome do jogador: ZARRAGA
Nacionalidade do Jogador: SPAIN
Clube do jogador: ATHLETIC CLUB DE BILBAO

Nome do jogador: ALEX BAENA
Nacionalidade do Jogador: SPAIN
Clube do jogador: VILLARREAL CF

Nome do jogador: R. LOD
Nacionalidade do Jogador: FINLAND
Clube do jogador: MINNESOTA UNITED FC

Nome do jogador: MORATA
Nacionalidade do Jogador: SPAIN
Clube do jogador: ATLETICO DE MADRID

Nome do jogador: C. HUDSON-ODOI
Nacionalidade do Jogador: ENGLAND
Clube do jogador: CHELSEA

Nome do jogador: A. EKDAL
Nacionalidade do Jogador: SWEDEN
Clube do jogador: SPEZIA

Nome do jogador: E. UNAL
Nacionalidade do Jogador: TURKEY
Clube do jogador: GETAFE CF

Nome do jogador: JI XIANG
Nacionalidade do Jogador: CHINA PR
Clube do jogador: SHANDONG TAISHAN

Nome do jogador: E. DENNIS
Nacionalidade do Jogador: NIGERIA
Clube do jogador: WATFORD

Nome do jogador: H. BEHRENS
Nacionalidade do Jogador: GERMANY
Clube do jogador: F.C. HANSA ROSTOCK

Nome do jogador: J. KOUNDE
Nacionalidade do Jogador: FRANCE
Clube do jogador: FC BARCELONA

Nome do jogador: O. SHUKUROV
Nacionalidade do Jogador: UZBEKISTAN
Clube do jogador: FATIH KARAGUMRUK S.K.

Nome do jogador: M. ESSIEN
Nacionalidade do Jogador: GHANA
Clube do jogador: PANATHINAIKOS FC

Nome do jogador: P. PIATTI
Nacionalidade do Jogador: ARGENTINA
Clube do jogador: ESTUDIANTES DE LA PLATA

Nome do jogador: R. YAREMCHUK
Nacionalidade do Jogador: UKRAINE
Clube do jogador: SL BENFICA

Nome do jogador: FIDALGO
Nacionalidade do Jogador: SPAIN
Clube do jogador: CLUB AMERICA

Nome do jogador: C. LYKOGIANNIS
Nacionalidade do Jogador: GREECE
Clube do jogador: BOLOGNA

Nome do jogador: M. WOBER
Nacionalidade do Jogador: AUSTRIA
Clube do jogador: FC RED BULL SALZBURG

Nome do jogador: S. TSHABALALA
Nacionalidade do Jogador: SEM DADO
Clube do jogador: SEM DADO

Nome do jogador: OSCAR GIL
Nacionalidade do Jogador: SPAIN
Clube do jogador: RCD ESPANYOL DE BARCELONA

Nome do jogador: CAFU
Nacionalidade do Jogador: PORTUGAL
Clube do jogador: NOTTINGHAM FOREST

Nome do jogador: D. UNDAV
Nacionalidade do Jogador: GERMANY
Clube do jogador: BRIGHTON & HOVE ALBION

Nome do jogador: K. LAIFIS
Nacionalidade do Jogador: CYPRUS
Clube do jogador: STANDARD DE LIEGE

Nome do jogador: RAUL
Nacionalidade do Jogador: SPAIN
Clube do jogador: FC SCHALKE 04

Nome do jogador: MIRANDA
Nacionalidade do Jogador: SPAIN
Clube do jogador: REAL BETIS BALOMPIE

Nome do jogador: R. HATATE
Nacionalidade do Jogador: JAPAN
Clube do jogador: CELTIC

Nome do jogador: A. ALVARADO
Nacionalidade do Jogador: ECUADOR
Clube do jogador: LDU QUITO

Nome do jogador: J. FERREIRA
Nacionalidade do Jogador: UNITED STATES
Clube do jogador: FC DALLAS

Nome do jogador: J. DINA EBIMBE
Nacionalidade do Jogador: FRANCE
Clube do jogador: PARIS SAINT-GERMAIN

Nome do jogador: S. AL GHANNAM
Nacionalidade do Jogador: SAUDI ARABIA
Clube do jogador: AL NASSR

Nome do jogador: T. XHAKA
Nacionalidade do Jogador: ALBANIA
Clube do jogador: FC BASEL 1893

Nome do jogador: J. PARK
Nacionalidade do Jogador: KOREA REPUBLIC
Clube do jogador: PSV

Nome do jogador: K. JAKIC
Nacionalidade do Jogador: CROATIA
Clube do jogador: EINTRACHT FRANKFURT

Nome do jogador: V. PAVLIDIS
Nacionalidade do Jogador: GREECE
Clube do jogador: AZ ALKMAAR

Nome do jogador: J. BOGA
Nacionalidade do Jogador: COTE D'IVOIRE
Clube do jogador: ATALANTA

Nome do jogador: D. DIAZ
Nacionalidade do Jogador: ECUADOR
Clube do jogador: BARCELONA SPORTING CLUB

Nome do jogador: S. BECKER
Nacionalidade do Jogador: SURINAME
Clube do jogador: 1. FC UNION BERLIN

Nome do jogador: L. O'BRIEN
Nacionalidade do Jogador: ENGLAND
Clube do jogador: NOTTINGHAM FOREST

Nome do jogador: A. FORSHAW
Nacionalidade do Jogador: ENGLAND
Clube do jogador: LEEDS UNITED

Nome do jogador: D. BROOKS
Nacionalidade do Jogador: WALES
Clube do jogador: AFC BOURNEMOUTH

Nome do jogador: S. BENDEBKA
Nacionalidade do Jogador: ALGERIA
Clube do jogador: AL FATEH

Nome do jogador: F. PARDO
Nacionalidade do Jogador: COLOMBIA
Clube do jogador: INDEPENDIENTE MEDELLIN

Nome do jogador: G. REYNA
Nacionalidade do Jogador: UNITED STATES
Clube do jogador: BORUSSIA DORTMUND

Nome do jogador: T. WIESNER
Nacionalidade do Jogador: CZECH REPUBLIC
Clube do jogador: AC SPARTA PRAHA

Nome do jogador: RAFAEL TOLOI
Nacionalidade do Jogador: ITALY
Clube do jogador: ATALANTA

Nome do jogador: I. REYES
Nacionalidade do Jogador: MEXICO
Clube do jogador: PUEBLA FC

Nome do jogador: I. BALLIU
Nacionalidade do Jogador: ALBANIA
Clube do jogador: RAYO VALLECANO

Nome do jogador: G. HACHEN
Nacionalidade do Jogador: ARGENTINA
Clube do jogador: CLUB ATLETICO INDEPENDIENTE

Nome do jogador: VAGNER CORRALDO
Nacionalidade do Jogador: BRAZIL
Clube do jogador: CLUB ATHLETICO PARANAENSE

Nome do jogador: M. ZARATE
Nacionalidade do Jogador: ARGENTINA
Clube do jogador: PLATENSE

Nome do jogador: MORETO CASSAMA
Nacionalidade do Jogador: GUINEA BISSAU
Clube do jogador: STADE DE REIMS

Nome do jogador: BENITO
Nacionalidade do Jogador: SPAIN
Clube do jogador: UNION DEPORTIVA LAS PALMAS

Nome do jogador: F. MLADENOVIC
Nacionalidade do Jogador: SERBIA
Clube do jogador: LEGIA WARSZAWA

Nome do jogador: J. OSORIO
Nacionalidade do Jogador: CANADA
Clube do jogador: TORONTO FC

Nome do jogador: DE FRUTOS
Nacionalidade do Jogador: SPAIN
Clube do jogador: LEVANTE UNION DEPORTIVA

Nome do jogador: N. DOMINGUEZ
Nacionalidade do Jogador: ARGENTINA
Clube do jogador: RACING CLUB

Nome do jogador: C. COADY
Nacionalidade do Jogador: ENGLAND
Clube do jogador: EVERTON

Nome do jogador: C. BASSOGOG
Nacionalidade do Jogador: CAMEROON
Clube do jogador: SHANGHAI SHENHUA FC

Nome do jogador: J. REINE-ADELAIDE
Nacionalidade do Jogador: FRANCE
Clube do jogador: OLYMPIQUE LYONNAIS

Nome do jogador: SERGI CANOS
Nacionalidade do Jogador: SPAIN
Clube do jogador: BRENTFORD

Nome do jogador: A. YARMOLENKO
Nacionalidade do Jogador: UKRAINE
Clube do jogador: AL AIN FC

Nome do jogador: CUCHO HERNANDEZ
Nacionalidade do Jogador: COLOMBIA
Clube do jogador: COLUMBUS CREW

Nome do jogador: A. LJAJIC
Nacionalidade do Jogador: SERBIA
Clube do jogador: BESIKTAS JK

Nome do jogador: P. MPOKU
Nacionalidade do Jogador: CONGO DR
Clube do jogador: ITTIFAK HOLDING KONYASPOR

Nome do jogador: P. AQUINO
Nacionalidade do Jogador: PERU
Clube do jogador: CLUB AMERICA

Nome do jogador: W. HUGHES
Nacionalidade do Jogador: ENGLAND
Clube do jogador: CRYSTAL PALACE

Nome do jogador: L. QUINONES
Nacionalidade do Jogador: COLOMBIA
Clube do jogador: TIGRES U.A.N.L.

Nome do jogador: A. SOUQUET
Nacionalidade do Jogador: FRANCE
Clube do jogador: MONTPELLIER HERAULT SC

Nome do jogador: GIL DIAS
Nacionalidade do Jogador: PORTUGAL
Clube do jogador: SL BENFICA

Nome do jogador: INIESTA
Nacionalidade do Jogador: SPAIN
Clube do jogador: VISSEL KOBE

Nome do jogador: I. MARCONE
Nacionalidade do Jogador: ARGENTINA
Clube do jogador: CLUB ATLETICO INDEPENDIENTE

Nome do jogador: ANDER GUEVARA
Nacionalidade do Jogador: SPAIN
Clube do jogador: REAL SOCIEDAD

Nome do jogador: H. VETLESEN
Nacionalidade do Jogador: NORWAY
Clube do jogador: FK BOD/GLIMT

Nome do jogador: D. KAISER
Nacionalidade do Jogador: GERMANY
Clube do jogador: HANNOVER 96

Nome do jogador: M. STIEPERMANN
Nacionalidade do Jogador: GERMANY
Clube do jogador: SC PADERBORN 07

Nome do jogador: CHOI YOUNG JOON
Nacionalidade do Jogador: KOREA REPUBLIC
Clube do jogador: JEJU UNITED FC

Nome do jogador: R. IBARRA
Nacionalidade do Jogador: ECUADOR
Clube do jogador: CLUB TIJUANA

Nome do jogador: J. CIFUENTES
Nacionalidade do Jogador: ECUADOR
Clube do jogador: LOS ANGELES FC

Nome do jogador: Y. AYOUB
Nacionalidade do Jogador: MOROCCO
Clube do jogador: EXCELSIOR

Nome do jogador: J. GUILAVOGUI
Nacionalidade do Jogador: FRANCE
Clube do jogador: VFL WOLFSBURG

Nome do jogador: TOMAS PINA
Nacionalidade do Jogador: SPAIN
Clube do jogador: DEPORTIVO ALAVES

Nome do jogador: N. MENDY
Nacionalidade do Jogador: SENEGAL
Clube do jogador: LEICESTER CITY

Nome do jogador: I. SISSOKO
Nacionalidade do Jogador: FRANCE
Clube do jogador: RC STRASBOURG ALSACE

Nome do jogador: L. JOVIC
Nacionalidade do Jogador: SERBIA
Clube do jogador: FIORENTINA

Nome do jogador: GABRIEL MARTINELLI
Nacionalidade do Jogador: BRAZIL
Clube do jogador: ARSENAL

Nome do jogador: COKE
Nacionalidade do Jogador: SPAIN
Clube do jogador: LEVANTE UNION DEPORTIVA

Nome do jogador: H. MARTIN
Nacionalidade do Jogador: MEXICO
Clube do jogador: SEM DADO

Nome do jogador: BRUMA
Nacionalidade do Jogador: PORTUGAL
Clube do jogador: FENERBAHCE SK

Nome do jogador: J. HENDRIX
Nacionalidade do Jogador: NETHERLANDS
Clube do jogador: FEYENOORD

Nome do jogador: D. ODOI
Nacionalidade do Jogador: GHANA
Clube do jogador: CLUB BRUGGE KV

Nome do jogador: Z. YOUSSOUF
Nacionalidade do Jogador: FRANCE
Clube do jogador: FUTEBOL CLUBE DE FAMALICAO

Nome do jogador: ALEX POZO
Nacionalidade do Jogador: SPAIN
Clube do jogador: UNION DEPORTIVA ALMERIA

Nome do jogador: L. SUCIC
Nacionalidade do Jogador: CROATIA
Clube do jogador: FC RED BULL SALZBURG

Nome do jogador: E. TAPSOBA
Nacionalidade do Jogador: BURKINA FASO
Clube do jogador: BAYER 04 LEVERKUSEN

Nome do jogador: D. VALOYES
Nacionalidade do Jogador: COLOMBIA
Clube do jogador: CLUB ATLETICO TALLERES

Nome do jogador: B. PEDRETTI
Nacionalidade do Jogador: FRANCE
Clube do jogador: AS NANCY LORRAINE

Nome do jogador: M. ESQUIVEL
Nacionalidade do Jogador: ARGENTINA
Clube do jogador: CLUB ATLETICO TALLERES

Nome do jogador: J. CAJUSTE
Nacionalidade do Jogador: SWEDEN
Clube do jogador: STADE DE REIMS

Nome do jogador: J. ANDERSSON
Nacionalidade do Jogador: SWEDEN
Clube do jogador: FC MIDTJYLLAND

Nome do jogador: D. PELKAS
Nacionalidade do Jogador: GREECE
Clube do jogador: FENERBAHCE SK

Nome do jogador: E. RAKIP
Nacionalidade do Jogador: NORTH MACEDONIA
Clube do jogador: MALMO FF

Nome do jogador: S. LONGSTAFF
Nacionalidade do Jogador: ENGLAND
Clube do jogador: NEWCASTLE UNITED

Nome do jogador: M. CAICEDO
Nacionalidade do Jogador: ECUADOR
Clube do jogador: BRIGHTON & HOVE ALBION

Nome do jogador: D. SANTON
Nacionalidade do Jogador: ITALY
Clube do jogador: ROMA

Nome do jogador: M. SIMON
Nacionalidade do Jogador: NIGERIA
Clube do jogador: FC NANTES

Nome do jogador: S. KOITA
Nacionalidade do Jogador: MALI
Clube do jogador: FC RED BULL SALZBURG

Nome do jogador: R. MANNING
Nacionalidade do Jogador: REPUBLIC OF IRELAND
Clube do jogador: SWANSEA CITY

Nome do jogador: BALENZIAGA
Nacionalidade do Jogador: SPAIN
Clube do jogador: ATHLETIC CLUB DE BILBAO

Nome do jogador: CESINHA
Nacionalidade do Jogador: BRAZIL
Clube do jogador: DAEGU FC

Nome do jogador: J. GARNER
Nacionalidade do Jogador: ENGLAND
Clube do jogador: MANCHESTER UNITED

Nome do jogador: B. DOUGLAS
Nacionalidade do Jogador: SCOTLAND
Clube do jogador: LECH POZNAN

Nome do jogador: A. JANUZAJ
Nacionalidade do Jogador: BELGIUM
Clube do jogador: REAL SOCIEDAD

Nome do jogador: CLAUDIO COINTRA
Nacionalidade do Jogador: BRAZIL
Clube do jogador: PALMEIRAS

Nome do jogador: A. WEIMANN
Nacionalidade do Jogador: AUSTRIA
Clube do jogador: BRISTOL CITY

Nome do jogador: N. FAGIOLI
Nacionalidade do Jogador: ITALY
Clube do jogador: JUVENTUS

Nome do jogador: PEDRO LEON
Nacionalidade do Jogador: SPAIN
Clube do jogador: CF FUENLABRADA

Nome do jogador: D. JONES
Nacionalidade do Jogador: UNITED STATES
Clube do jogador: NEW ENGLAND REVOLUTION

Nome do jogador: ZIZO
Nacionalidade do Jogador: EGYPT
Clube do jogador: SEM DADO

Nome do jogador: A. JAHANBAKHSH
Nacionalidade do Jogador: IRAN
Clube do jogador: FEYENOORD

Nome do jogador: K. VOGT
Nacionalidade do Jogador: GERMANY
Clube do jogador: TSG HOFFENHEIM

Nome do jogador: G. PEZZELLA
Nacionalidade do Jogador: ITALY
Clube do jogador: PARMA

Nome do jogador: J. ALLEN
Nacionalidade do Jogador: ENGLAND
Clube do jogador: COVENTRY CITY

Nome do jogador: A. NDIAYE
Nacionalidade do Jogador: SENEGAL
Clube do jogador: RCD MALLORCA

Nome do jogador: S. BENRAHMA
Nacionalidade do Jogador: ALGERIA
Clube do jogador: WEST HAM UNITED

Nome do jogador: RUBEN VINAGRE
Nacionalidade do Jogador: PORTUGAL
Clube do jogador: EVERTON

Nome do jogador: Y. OZTEKIN
Nacionalidade do Jogador: TURKEY
Clube do jogador: DEMIR GRUP SIVASSPOR

Nome do jogador: MONCAYOLA
Nacionalidade do Jogador: SPAIN
Clube do jogador: CA OSASUNA

Nome do jogador: A. VIGO
Nacionalidade do Jogador: ARGENTINA
Clube do jogador: CLUB ATLETICO INDEPENDIENTE

Nome do jogador: S. JOVETIC
Nacionalidade do Jogador: MONTENEGRO
Clube do jogador: HERTHA BSC

Nome do jogador: R. VARANE
Nacionalidade do Jogador: FRANCE
Clube do jogador: MANCHESTER UNITED

Nome do jogador: J. CHOTARD
Nacionalidade do Jogador: FRANCE
Clube do jogador: MONTPELLIER HERAULT SC

Nome do jogador: M. TARGETT
Nacionalidade do Jogador: ENGLAND
Clube do jogador: NEWCASTLE UNITED

Nome do jogador: N. FERNANDEZ MERCAU
Nacionalidade do Jogador: ARGENTINA
Clube do jogador: SAN LORENZO DE ALMAGRO

Nome do jogador: A. SKOV OLSEN
Nacionalidade do Jogador: DENMARK
Clube do jogador: CLUB BRUGGE KV

Nome do jogador: J. CORK
Nacionalidade do Jogador: ENGLAND
Clube do jogador: BURNLEY

Nome do jogador: R. FREDERICKS
Nacionalidade do Jogador: ENGLAND
Clube do jogador: AFC BOURNEMOUTH

Nome do jogador: HONG CHUL
Nacionalidade do Jogador: KOREA REPUBLIC
Clube do jogador: DAEGU FC

Nome do jogador: C. CHAMBERS
Nacionalidade do Jogador: ENGLAND
Clube do jogador: ASTON VILLA

Nome do jogador: M. PHILIPP
Nacionalidade do Jogador: GERMANY
Clube do jogador: VFL WOLFSBURG

Nome do jogador: N. CASALE
Nacionalidade do Jogador: ITALY
Clube do jogador: LAZIO

Nome do jogador: M. ANDERSON
Nacionalidade do Jogador: ICELAND
Clube do jogador: AARHUS GF

Nome do jogador: B. RUIZ
Nacionalidade do Jogador: COSTA RICA
Clube do jogador: SPORTING CP

Nome do jogador: E. DASA
Nacionalidade do Jogador: ISRAEL
Clube do jogador: VITESSE

Nome do jogador: L. MORGAN
Nacionalidade do Jogador: SCOTLAND
Clube do jogador: NEW YORK RED BULLS

Nome do jogador: J. HOLLAND
Nacionalidade do Jogador: AUSTRALIA
Clube do jogador: FK AUSTRIA WIEN

Nome do jogador: L. FOMBA
Nacionalidade do Jogador: FRANCE
Clube do jogador: NIMES OLYMPIQUE

Nome do jogador: O. DOUMBIA
Nacionalidade do Jogador: COTE D'IVOIRE
Clube do jogador: FC LUGANO

Nome do jogador: A. NAGY
Nacionalidade do Jogador: HUNGARY
Clube do jogador: PISA

Nome do jogador: A. TOURE
Nacionalidade do Jogador: MALI
Clube do jogador: EINTRACHT FRANKFURT

Nome do jogador: E. MEZA
Nacionalidade do Jogador: ARGENTINA
Clube do jogador: CLUB ATLETICO COLON

Nome do jogador: SUSO
Nacionalidade do Jogador: SPAIN
Clube do jogador: SEVILLA FC

Nome do jogador: L. BENES
Nacionalidade do Jogador: SLOVAKIA
Clube do jogador: HAMBURGER SV

Nome do jogador: L. ACOSTA
Nacionalidade do Jogador: ARGENTINA
Clube do jogador: FC CINCINNATI

Nome do jogador: LUIMO BOAS SANTOS
Nacionalidade do Jogador: BRAZIL
Clube do jogador: SANTOS

Nome do jogador: P. TACHTSIDIS
Nacionalidade do Jogador: GREECE
Clube do jogador: AL FAYHA

Nome do jogador: A. RALSTON
Nacionalidade do Jogador: SCOTLAND
Clube do jogador: CELTIC

Nome do jogador: M. OJEDA
Nacionalidade do Jogador: ARGENTINA
Clube do jogador: GODOY CRUZ

Nome do jogador: LUIZ ARAUJO
Nacionalidade do Jogador: BRAZIL
Clube do jogador: ATLANTA UNITED

Nome do jogador: M. ROG
Nacionalidade do Jogador: CROATIA
Clube do jogador: CAGLIARI

Nome do jogador: JUANMI
Nacionalidade do Jogador: SPAIN
Clube do jogador: REAL BETIS BALOMPIE

Nome do jogador: DAVID NERES
Nacionalidade do Jogador: BRAZIL
Clube do jogador: SL BENFICA

Nome do jogador: L. DE JONG
Nacionalidade do Jogador: SEM DADO
Clube do jogador: PSV

Nome do jogador: L. JANSON
Nacionalidade do Jogador: ARGENTINA
Clube do jogador: VELEZ SARSFIELD

Nome do jogador: AKAPO
Nacionalidade do Jogador: EQUATORIAL GUINEA
Clube do jogador: SAN JOSE EARTHQUAKES

Nome do jogador: D. LOPY
Nacionalidade do Jogador: SENEGAL
Clube do jogador: STADE DE REIMS

Nome do jogador: M. RISSE
Nacionalidade do Jogador: GERMANY
Clube do jogador: VIKTORIA KOLN

Nome do jogador: R. ARAUJO
Nacionalidade do Jogador: URUGUAY
Clube do jogador: FC BARCELONA

Nome do jogador: A. ISAK
Nacionalidade do Jogador: SWEDEN
Clube do jogador: REAL SOCIEDAD

Nome do jogador: CARLOS JUNIOR
Nacionalidade do Jogador: BRAZIL
Clube do jogador: AL SHABAB

Nome do jogador: G. SCAMACCA
Nacionalidade do Jogador: ITALY
Clube do jogador: WEST HAM UNITED

Nome do jogador: A. VOGLSAMMER
Nacionalidade do Jogador: GERMANY
Clube do jogador: 1. FC UNION BERLIN

Nome do jogador: A. ZAKHARYAN
Nacionalidade do Jogador: RUSSIA
Clube do jogador: SEM DADO

Nome do jogador: S. ADEGBENRO
Nacionalidade do Jogador: NIGERIA
Clube do jogador: BEIJING GUOAN FC

Nome do jogador: T. LAWRENCE
Nacionalidade do Jogador: WALES
Clube do jogador: RANGERS FC

Nome do jogador: MONTORO
Nacionalidade do Jogador: SPAIN
Clube do jogador: REAL OVIEDO

Nome do jogador: ADRIANO BISESI
Nacionalidade do Jogador: BRAZIL
Clube do jogador: RB BRAGANTINO

Nome do jogador: S. GUIRASSY
Nacionalidade do Jogador: FRANCE
Clube do jogador: STADE RENNAIS FC

Nome do jogador: R. DEL CASTILLO
Nacionalidade do Jogador: FRANCE
Clube do jogador: STADE BRESTOIS 29

Nome do jogador: X. SIMONS
Nacionalidade do Jogador: NETHERLANDS
Clube do jogador: PSV

Nome do jogador: A. MUSRATI
Nacionalidade do Jogador: LIBYA
Clube do jogador: SC BRAGA

Nome do jogador: K. SEMA
Nacionalidade do Jogador: SWEDEN
Clube do jogador: WATFORD

Nome do jogador: C. UNDER
Nacionalidade do Jogador: TURKEY
Clube do jogador: OLYMPIQUE DE MARSEILLE

Nome do jogador: L. KLOSTERMANN
Nacionalidade do Jogador: GERMANY
Clube do jogador: RB LEIPZIG

Nome do jogador: P. WIMMER
Nacionalidade do Jogador: AUSTRIA
Clube do jogador: VFL WOLFSBURG

Nome do jogador: B. BERESZYNSKI
Nacionalidade do Jogador: POLAND
Clube do jogador: U.C. SAMPDORIA

Nome do jogador: JUAN VILLAR
Nacionalidade do Jogador: SPAIN
Clube do jogador: SD HUESCA

Nome do jogador: E. REXHBECAJ
Nacionalidade do Jogador: KOSOVO
Clube do jogador: FC AUGSBURG

Nome do jogador: S. SITHEMBE
Nacionalidade do Jogador: SOUTH AFRICA
Clube do jogador: KAIZER CHIEFS

Nome do jogador: DEIVERSON KAIO
Nacionalidade do Jogador: BRAZIL
Clube do jogador: FLAMENGO

Nome do jogador: L. DALVES
Nacionalidade do Jogador: URUGUAY
Clube do jogador: SEM DADO

Nome do jogador: C. EJUKE
Nacionalidade do Jogador: NIGERIA
Clube do jogador: HERTHA BSC

Nome do jogador: H. KAWABE
Nacionalidade do Jogador: JAPAN
Clube do jogador: GRASSHOPPER CLUB ZURICH

Nome do jogador: L. REIS
Nacionalidade do Jogador: NETHERLANDS
Clube do jogador: HAMBURGER SV

Nome do jogador: M. HARNIK
Nacionalidade do Jogador: AUSTRIA
Clube do jogador: SV WERDER BREMEN

Nome do jogador: H. SIQUET
Nacionalidade do Jogador: BELGIUM
Clube do jogador: SPORT-CLUB FREIBURG

Nome do jogador: M. PJACA
Nacionalidade do Jogador: CROATIA
Clube do jogador: JUVENTUS

Nome do jogador: T. KUNIMOTO
Nacionalidade do Jogador: JAPAN
Clube do jogador: CASA PIA

Nome do jogador: S. NAKAJIMA
Nacionalidade do Jogador: JAPAN
Clube do jogador: FC PORTO

Nome do jogador: TIMOR
Nacionalidade do Jogador: SPAIN
Clube do jogador: SD HUESCA

Nome do jogador: C. FUHRICH
Nacionalidade do Jogador: GERMANY
Clube do jogador: VFB STUTTGART

Nome do jogador: K. TOKO EKAMBI
Nacionalidade do Jogador: CAMEROON
Clube do jogador: OLYMPIQUE LYONNAIS

Nome do jogador: M. ARAMU
Nacionalidade do Jogador: ITALY
Clube do jogador: VENEZIA FC

Nome do jogador: R. GHEZZAL
Nacionalidade do Jogador: ALGERIA
Clube do jogador: BESIKTAS JK

Nome do jogador: E. MATAZO
Nacionalidade do Jogador: BELGIUM
Clube do jogador: AS MONACO

Nome do jogador: K. ADEYEMI
Nacionalidade do Jogador: GERMANY
Clube do jogador: BORUSSIA DORTMUND

Nome do jogador: T. BUNMATHAN
Nacionalidade do Jogador: THAILAND
Clube do jogador: YOKOHAMA F. MARINOS

Nome do jogador: H. BEN ARFA
Nacionalidade do Jogador: FRANCE
Clube do jogador: LOSC LILLE

Nome do jogador: IURI MEDEIROS
Nacionalidade do Jogador: PORTUGAL
Clube do jogador: SC BRAGA

Nome do jogador: K. WAGNER
Nacionalidade do Jogador: GERMANY
Clube do jogador: PHILADELPHIA UNION

Nome do jogador: N. SLITI
Nacionalidade do Jogador: TUNISIA
Clube do jogador: ETTIFAQ FC

Nome do jogador: J. MATIP
Nacionalidade do Jogador: CAMEROON
Clube do jogador: LIVERPOOL

Nome do jogador: J. IKONE
Nacionalidade do Jogador: FRANCE
Clube do jogador: FIORENTINA

Nome do jogador: ALEX CORREDERA
Nacionalidade do Jogador: SPAIN
Clube do jogador: CD TENERIFE

Nome do jogador: A. SANTAMARIA
Nacionalidade do Jogador: PERU
Clube do jogador: CLUB ATLAS

Nome do jogador: WILLIAN JOSE
Nacionalidade do Jogador: BRAZIL
Clube do jogador: REAL BETIS BALOMPIE

Nome do jogador: NUNO TAVARES
Nacionalidade do Jogador: PORTUGAL
Clube do jogador: OLYMPIQUE DE MARSEILLE

Nome do jogador: A. ONANA
Nacionalidade do Jogador: BELGIUM
Clube do jogador: EVERTON

Nome do jogador: S. KINGSLEY
Nacionalidade do Jogador: SCOTLAND
Clube do jogador: HEART OF MIDLOTHIAN

Nome do jogador: J. LINDSTRM
Nacionalidade do Jogador: DENMARK
Clube do jogador: EINTRACHT FRANKFURT

Nome do jogador: J. GONZALEZ
Nacionalidade do Jogador: MEXICO
Clube do jogador: MINNESOTA UNITED FC

Nome do jogador: S. CHUKWUEZE
Nacionalidade do Jogador: NIGERIA
Clube do jogador: VILLARREAL CF

Nome do jogador: K. MAC ALLISTER
Nacionalidade do Jogador: ARGENTINA
Clube do jogador: ARGENTINOS JUNIORS

Nome do jogador: M. CATALAN
Nacionalidade do Jogador: ARGENTINA
Clube do jogador: CLUB ATLETICO TALLERES

Nome do jogador: D. LUCKASSEN
Nacionalidade do Jogador: NETHERLANDS
Clube do jogador: PSV

Nome do jogador: N. AGUERD
Nacionalidade do Jogador: MOROCCO
Clube do jogador: WEST HAM UNITED

Nome do jogador: AARON
Nacionalidade do Jogador: SPAIN
Clube do jogador: 1. FSV MAINZ 05

Nome do jogador: B. CASTILLO
Nacionalidade do Jogador: ECUADOR
Clube do jogador: BARCELONA SPORTING CLUB

Nome do jogador: IVAN ALEJO
Nacionalidade do Jogador: SPAIN
Clube do jogador: CADIZ CF

Nome do jogador: M. BAKKER
Nacionalidade do Jogador: NETHERLANDS
Clube do jogador: BAYER 04 LEVERKUSEN

Nome do jogador: I. JOHANNESSON
Nacionalidade do Jogador: ICELAND
Clube do jogador: F.C. KBENHAVN

Nome do jogador: H. FATHI
Nacionalidade do Jogador: EGYPT
Clube do jogador: SEM DADO

Nome do jogador: M. ASHIMERU
Nacionalidade do Jogador: GHANA
Clube do jogador: RSC ANDERLECHT

Nome do jogador: D. DOUDERA
Nacionalidade do Jogador: CZECH REPUBLIC
Clube do jogador: SK SLAVIA PRAHA

Nome do jogador: GABRIEL SARA
Nacionalidade do Jogador: BRAZIL
Clube do jogador: NORWICH CITY

Nome do jogador: GUILSON PAIVA
Nacionalidade do Jogador: BRAZIL
Clube do jogador: FLAMENGO

Nome do jogador: N. MADUEKE
Nacionalidade do Jogador: ENGLAND
Clube do jogador: PSV

Nome do jogador: A. SRLOTH
Nacionalidade do Jogador: NORWAY
Clube do jogador: RB LEIPZIG

Nome do jogador: ALEX TEIXEIRA
Nacionalidade do Jogador: BRAZIL
Clube do jogador: BESIKTAS JK

Nome do jogador: S. BIRINDELLI
Nacionalidade do Jogador: ITALY
Clube do jogador: AC MONZA

Nome do jogador: D. JURASEK
Nacionalidade do Jogador: CZECH REPUBLIC
Clube do jogador: SK SLAVIA PRAHA

Nome do jogador: M. SCHNEIDERLIN
Nacionalidade do Jogador: FRANCE
Clube do jogador: OGC NICE

Nome do jogador: J. ROTHEN
Nacionalidade do Jogador: FRANCE
Clube do jogador: STADE MALHERBE CAEN

Nome do jogador: F. KROOS
Nacionalidade do Jogador: GERMANY
Clube do jogador: EINTRACHT BRAUNSCHWEIG

Nome do jogador: J. JUSTIN
Nacionalidade do Jogador: ENGLAND
Clube do jogador: LEICESTER CITY

Nome do jogador: D. SAMEK
Nacionalidade do Jogador: CZECH REPUBLIC
Clube do jogador: LECCE

Nome do jogador: S. LAUPER
Nacionalidade do Jogador: SWITZERLAND
Clube do jogador: BSC YOUNG BOYS

Nome do jogador: O. WENDT
Nacionalidade do Jogador: SWEDEN
Clube do jogador: IFK GOTEBORG

Nome do jogador: F. QUIGNON
Nacionalidade do Jogador: ARGENTINA
Clube do jogador: FC DALLAS

Nome do jogador: SIMAO ACUNHA
Nacionalidade do Jogador: BRAZIL
Clube do jogador: CLUBE ATLETICO MINEIRO

Nome do jogador: N. OKAFOR
Nacionalidade do Jogador: SWITZERLAND
Clube do jogador: FC RED BULL SALZBURG

Nome do jogador: A. DREYER
Nacionalidade do Jogador: DENMARK
Clube do jogador: FC MIDTJYLLAND

Nome do jogador: M. DE SCIGLIO
Nacionalidade do Jogador: ITALY
Clube do jogador: JUVENTUS

Nome do jogador: H. VILLALBA
Nacionalidade do Jogador: PARAGUAY
Clube do jogador: CLUB LIBERTAD

Nome do jogador: RUBEN DIAS
Nacionalidade do Jogador: PORTUGAL
Clube do jogador: MANCHESTER CITY

Nome do jogador: K. AMIAN
Nacionalidade do Jogador: FRANCE
Clube do jogador: SPEZIA

Nome do jogador: G. NEVES
Nacionalidade do Jogador: URUGUAY
Clube do jogador: CLUB NACIONAL DE FOOTBALL

Nome do jogador: L. TOUSART
Nacionalidade do Jogador: FRANCE
Clube do jogador: HERTHA BSC

Nome do jogador: M. AVILES
Nacionalidade do Jogador: VENEZUELA
Clube do jogador: INDEPENDIENTE PETROLERO

Nome do jogador: RODRIGO CAIO
Nacionalidade do Jogador: BRAZIL
Clube do jogador: SAO PAULO

Nome do jogador: L. FERNANDEZ
Nacionalidade do Jogador: ARGENTINA
Clube do jogador: CLUB ATLETICO INDEPENDIENTE

Nome do jogador: J. WIND
Nacionalidade do Jogador: DENMARK
Clube do jogador: VFL WOLFSBURG

Nome do jogador: A. HATEM
Nacionalidade do Jogador: QATAR
Clube do jogador: SEM DADO

Nome do jogador: C. THOMPSON
Nacionalidade do Jogador: ENGLAND
Clube do jogador: WYCOMBE WANDERERS

Nome do jogador: C. CUEVA
Nacionalidade do Jogador: PERU
Clube do jogador: AL FATEH

Nome do jogador: L. WALSH
Nacionalidade do Jogador: ENGLAND
Clube do jogador: SWANSEA CITY

Nome do jogador: R. BROWN
Nacionalidade do Jogador: ENGLAND
Clube do jogador: FOREST GREEN ROVERS

Nome do jogador: Y. RODRIGUEZ
Nacionalidade do Jogador: URUGUAY
Clube do jogador: CLUB NACIONAL DE FOOTBALL

Nome do jogador: K. SESSA
Nacionalidade do Jogador: GERMANY
Clube do jogador: 1. FC HEIDENHEIM 1846

Nome do jogador: E. FRIMPONG
Nacionalidade do Jogador: GHANA
Clube do jogador: ARSENAL TULA

Nome do jogador: B. HUSSEIN
Nacionalidade do Jogador: SWEDEN
Clube do jogador: AIK

Nome do jogador: S. WEISSMAN
Nacionalidade do Jogador: ISRAEL
Clube do jogador: REAL VALLADOLID CF

Nome do jogador: C. DAGBA
Nacionalidade do Jogador: FRANCE
Clube do jogador: RC STRASBOURG ALSACE

Nome do jogador: NACHO FERNANDEZ
Nacionalidade do Jogador: SPAIN
Clube do jogador: REAL MADRID CF

Nome do jogador: SANCET
Nacionalidade do Jogador: SPAIN
Clube do jogador: ATHLETIC CLUB DE BILBAO

Nome do jogador: A. ADLI
Nacionalidade do Jogador: FRANCE
Clube do jogador: BAYER 04 LEVERKUSEN

Nome do jogador: Z. BERGDICH
Nacionalidade do Jogador: MOROCCO
Clube do jogador: BB ERZURUMSPOR

Nome do jogador: BERNARDO
Nacionalidade do Jogador: BRAZIL
Clube do jogador: FC RED BULL SALZBURG

Nome do jogador: R. LEDSON
Nacionalidade do Jogador: ENGLAND
Clube do jogador: PRESTON NORTH END

Nome do jogador: B. ZOLINSKI
Nacionalidade do Jogador: GERMANY
Clube do jogador: 1. FC KAISERSLAUTERN

Nome do jogador: I. AMADOU
Nacionalidade do Jogador: FRANCE
Clube do jogador: FC METZ

Nome do jogador: N. SCHULZ
Nacionalidade do Jogador: GERMANY
Clube do jogador: BORUSSIA DORTMUND

Nome do jogador: B. WILLIAMS
Nacionalidade do Jogador: ENGLAND
Clube do jogador: MANCHESTER UNITED

Nome do jogador: SERGIO LEON
Nacionalidade do Jogador: SPAIN
Clube do jogador: REAL VALLADOLID CF

Nome do jogador: O. IDRISSI
Nacionalidade do Jogador: MOROCCO
Clube do jogador: FEYENOORD

Nome do jogador: M. GUSTO
Nacionalidade do Jogador: FRANCE
Clube do jogador: OLYMPIQUE LYONNAIS

Nome do jogador: CHIQUINHO
Nacionalidade do Jogador: PORTUGAL
Clube do jogador: SL BENFICA

Nome do jogador: H. DORREGO
Nacionalidade do Jogador: URUGUAY
Clube do jogador: CLUB DEPORTIVO ORIENTE PETROLERO

Nome do jogador: S. MOUTOUSSAMY
Nacionalidade do Jogador: CONGO DR
Clube do jogador: FC NANTES

Nome do jogador: RECIO
Nacionalidade do Jogador: SPAIN
Clube do jogador: CD LEGANES

Nome do jogador: A. HERRERA
Nacionalidade do Jogador: ARGENTINA
Clube do jogador: RIVER PLATE

Nome do jogador: V. GERMAIN
Nacionalidade do Jogador: FRANCE
Clube do jogador: MONTPELLIER HERAULT SC

Nome do jogador: M. CAFARO
Nacionalidade do Jogador: FRANCE
Clube do jogador: AS SAINT-ETIENNE

Nome do jogador: M. CAMARA
Nacionalidade do Jogador: SEM DADO
Clube do jogador: AS SAINT-ETIENNE

Nome do jogador: A. SABIRI
Nacionalidade do Jogador: GERMANY
Clube do jogador: U.C. SAMPDORIA

Nome do jogador: R. YLMAZ
Nacionalidade do Jogador: TURKEY
Clube do jogador: RANGERS FC

Nome do jogador: J. BRIMMER
Nacionalidade do Jogador: AUSTRALIA
Clube do jogador: MELBOURNE VICTORY

Nome do jogador: M. GOMEZ
Nacionalidade do Jogador: URUGUAY
Clube do jogador: VALENCIA CF

Nome do jogador: POL LLONCH
Nacionalidade do Jogador: SPAIN
Clube do jogador: WILLEM II

Nome do jogador: T. WEAH
Nacionalidade do Jogador: UNITED STATES
Clube do jogador: LOSC LILLE

Nome do jogador: KENNY ROCHA SANTOS
Nacionalidade do Jogador: CAPE VERDE ISLANDS
Clube do jogador: KV OOSTENDE

Nome do jogador: J. BELL
Nacionalidade do Jogador: NEW ZEALAND
Clube do jogador: BRNDBY IF

Nome do jogador: JIANG ZHIPENG
Nacionalidade do Jogador: CHINA PR
Clube do jogador: SHENZHEN FC

Nome do jogador: J. MARTINEZ
Nacionalidade do Jogador: VENEZUELA
Clube do jogador: ATLANTA UNITED

Nome do jogador: S. HEFTI
Nacionalidade do Jogador: SWITZERLAND
Clube do jogador: GENOA

Nome do jogador: M. FERNANDEZ
Nacionalidade do Jogador: CHILE
Clube do jogador: COLO-COLO

Nome do jogador: Y. NEYOU
Nacionalidade do Jogador: CAMEROON
Clube do jogador: AS SAINT-ETIENNE

Nome do jogador: E. DJEMBA-DJEMBA
Nacionalidade do Jogador: CAMEROON
Clube do jogador: ST. MIRREN

Nome do jogador: M. BARD
Nacionalidade do Jogador: FRANCE
Clube do jogador: OGC NICE

Nome do jogador: A. MERKEL
Nacionalidade do Jogador: KAZAKHSTAN
Clube do jogador: GAZISEHIR GAZIANTEP F.K.

Nome do jogador: RONALDO VIEIRA
Nacionalidade do Jogador: ENGLAND
Clube do jogador: U.C. SAMPDORIA

Nome do jogador: NILMAR
Nacionalidade do Jogador: BRAZIL
Clube do jogador: VILLARREAL CF

Nome do jogador: T. GUTIERREZ
Nacionalidade do Jogador: COLOMBIA
Clube do jogador: DEPORTIVO CALI

Nome do jogador: E. LOWEN
Nacionalidade do Jogador: GERMANY
Clube do jogador: VFL BOCHUM 1848

Nome do jogador: HUGO DURO
Nacionalidade do Jogador: SPAIN
Clube do jogador: VALENCIA CF

Nome do jogador: A. COLPANI
Nacionalidade do Jogador: ITALY
Clube do jogador: AC MONZA

Nome do jogador: Y. MUSAH
Nacionalidade do Jogador: UNITED STATES
Clube do jogador: VALENCIA CF

Nome do jogador: WILLIAM
Nacionalidade do Jogador: BRAZIL
Clube do jogador: VFL WOLFSBURG

Nome do jogador: M. OLIVERA
Nacionalidade do Jogador: URUGUAY
Clube do jogador: NAPOLI

Nome do jogador: P. SISTO
Nacionalidade do Jogador: DENMARK
Clube do jogador: FC MIDTJYLLAND

Nome do jogador: I. LOUZA
Nacionalidade do Jogador: MOROCCO
Clube do jogador: WATFORD

Nome do jogador: T. FOSU-MENSAH
Nacionalidade do Jogador: NETHERLANDS
Clube do jogador: BAYER 04 LEVERKUSEN

Nome do jogador: M. BOYLE
Nacionalidade do Jogador: AUSTRALIA
Clube do jogador: HIBERNIAN

Nome do jogador: LEONAI
Nacionalidade do Jogador: BRAZIL
Clube do jogador: BARCELONA SPORTING CLUB

Nome do jogador: THIAGUINHO
Nacionalidade do Jogador: BRAZIL
Clube do jogador: FLUMINENSE

Nome do jogador: J. MORRIS
Nacionalidade do Jogador: UNITED STATES
Clube do jogador: SEATTLE SOUNDERS FC

Nome do jogador: G. DE ARRASCAETA
Nacionalidade do Jogador: URUGUAY
Clube do jogador: CRUZEIRO

Nome do jogador: J. OTERO
Nacionalidade do Jogador: COLOMBIA
Clube do jogador: REAL SPORTING DE GIJON

Nome do jogador: S. ZAZA
Nacionalidade do Jogador: ITALY
Clube do jogador: TORINO F.C.

Nome do jogador: RUBEN DIEZ
Nacionalidade do Jogador: SPAIN
Clube do jogador: CD TENERIFE

Nome do jogador: K. ZOUMA
Nacionalidade do Jogador: FRANCE
Clube do jogador: WEST HAM UNITED

Nome do jogador: JOSUE CHIAMULERA
Nacionalidade do Jogador: BRAZIL
Clube do jogador: CLUB ATHLETICO PARANAENSE

Nome do jogador: RUBEN PEREZ
Nacionalidade do Jogador: SPAIN
Clube do jogador: PANATHINAIKOS FC

Nome do jogador: L. SANCHEZ
Nacionalidade do Jogador: ARGENTINA
Clube do jogador: ARGENTINOS JUNIORS

Nome do jogador: P. POMYKAL
Nacionalidade do Jogador: UNITED STATES
Clube do jogador: FC DALLAS

Nome do jogador: R. RAVELOSON
Nacionalidade do Jogador: MADAGASCAR
Clube do jogador: AJ AUXERRE

Nome do jogador: B. OZCAN
Nacionalidade do Jogador: TURKEY
Clube do jogador: ISTANBUL BASAKSEHIR FK

Nome do jogador: JOSUE
Nacionalidade do Jogador: PORTUGAL
Clube do jogador: LEGIA WARSZAWA

Nome do jogador: D. SAMASSEKOU
Nacionalidade do Jogador: MALI
Clube do jogador: TSG HOFFENHEIM

Nome do jogador: A. SAID
Nacionalidade do Jogador: EGYPT
Clube do jogador: SEM DADO

Nome do jogador: T. HAYE
Nacionalidade do Jogador: NETHERLANDS
Clube do jogador: SC HEERENVEEN

Nome do jogador: J. HERNANDEZ
Nacionalidade do Jogador: MEXICO
Clube do jogador: LA GALAXY

Nome do jogador: A. ELIS
Nacionalidade do Jogador: HONDURAS
Clube do jogador: FC GIRONDINS DE BORDEAUX

Nome do jogador: J. FORSTER-CASKEY
Nacionalidade do Jogador: ENGLAND
Clube do jogador: CHARLTON ATHLETIC

Nome do jogador: GALENO
Nacionalidade do Jogador: BRAZIL
Clube do jogador: FC PORTO

Nome do jogador: K. MIYOSHI
Nacionalidade do Jogador: JAPAN
Clube do jogador: ROYAL ANTWERP FC

Nome do jogador: I. BEBOU
Nacionalidade do Jogador: TOGO
Clube do jogador: TSG HOFFENHEIM

Nome do jogador: DJANINY
Nacionalidade do Jogador: CAPE VERDE ISLANDS
Clube do jogador: TRABZONSPOR

Nome do jogador: J. VAN OVEREEM
Nacionalidade do Jogador: NETHERLANDS
Clube do jogador: FC UTRECHT

Nome do jogador: M. RZATKOWSKI
Nacionalidade do Jogador: GERMANY
Clube do jogador: DSC ARMINIA BIELEFELD

Nome do jogador: R. CENTURION
Nacionalidade do Jogador: ARGENTINA
Clube do jogador: SAN LORENZO DE ALMAGRO

Nome do jogador: JAVIER BALBOA
Nacionalidade do Jogador: EQUATORIAL GUINEA
Clube do jogador: AL FAISALY

Nome do jogador: JONATAO PRAZ
Nacionalidade do Jogador: BRAZIL
Clube do jogador: FLAMENGO

Nome do jogador: PEPE
Nacionalidade do Jogador: PORTUGAL
Clube do jogador: FC PORTO

Nome do jogador: POL LOZANO
Nacionalidade do Jogador: SPAIN
Clube do jogador: RCD ESPANYOL DE BARCELONA

Nome do jogador: G. KAGELMACHER
Nacionalidade do Jogador: URUGUAY
Clube do jogador: CLUB ATLETICO PENAROL

Nome do jogador: A. PRASS
Nacionalidade do Jogador: AUSTRIA
Clube do jogador: SK STURM GRAZ

Nome do jogador: J. RYERSON
Nacionalidade do Jogador: NORWAY
Clube do jogador: 1. FC UNION BERLIN

Nome do jogador: BRUNO PAZ
Nacionalidade do Jogador: PORTUGAL
Clube do jogador: ITTIFAK HOLDING KONYASPOR

Nome do jogador: K. VELASCO
Nacionalidade do Jogador: COLOMBIA
Clube do jogador: DEPORTIVO CALI

Nome do jogador: SANTI COMESANA
Nacionalidade do Jogador: SPAIN
Clube do jogador: RAYO VALLECANO

Nome do jogador: Y. CUMANA
Nacionalidade do Jogador: VENEZUELA
Clube do jogador: DEPORTIVO LA GUAIRA FC

Nome do jogador: D. VERDE
Nacionalidade do Jogador: ITALY
Clube do jogador: SPEZIA

Nome do jogador: B. MARTELLA
Nacionalidade do Jogador: ITALY
Clube do jogador: TERNANA

Nome do jogador: SILAS
Nacionalidade do Jogador: CONGO DR
Clube do jogador: VFB STUTTGART

Nome do jogador: R. DOAN
Nacionalidade do Jogador: JAPAN
Clube do jogador: SPORT-CLUB FREIBURG

Nome do jogador: A. COLE
Nacionalidade do Jogador: ENGLAND
Clube do jogador: DERBY COUNTY

Nome do jogador: R. BOATENG
Nacionalidade do Jogador: GHANA
Clube do jogador: FC CARTAGENA

Nome do jogador: ZHANG LINPENG
Nacionalidade do Jogador: CHINA PR
Clube do jogador: SHANGHAI PORT FC

Nome do jogador: M. TAVERNIER
Nacionalidade do Jogador: ENGLAND
Clube do jogador: AFC BOURNEMOUTH

Nome do jogador: F. BALLO-TOURE
Nacionalidade do Jogador: SENEGAL
Clube do jogador: AC MILAN

Nome do jogador: M. DEMBELE
Nacionalidade do Jogador: FRANCE
Clube do jogador: OLYMPIQUE LYONNAIS

Nome do jogador: J. INTRIAGO
Nacionalidade do Jogador: ECUADOR
Clube do jogador: MAZATLAN FUTBOL CLUB

Nome do jogador: MARC ROCA
Nacionalidade do Jogador: SPAIN
Clube do jogador: LEEDS UNITED

Nome do jogador: ALEX CENTELLES
Nacionalidade do Jogador: SPAIN
Clube do jogador: UNION DEPORTIVA ALMERIA

Nome do jogador: S. RAHIMI
Nacionalidade do Jogador: MOROCCO
Clube do jogador: AL AIN FC

Nome do jogador: M. SARR
Nacionalidade do Jogador: FRANCE
Clube do jogador: CHELSEA

Nome do jogador: A. YIADOM
Nacionalidade do Jogador: GHANA
Clube do jogador: READING

Nome do jogador: I. HAGI
Nacionalidade do Jogador: ROMANIA
Clube do jogador: SEM DADO

Nome do jogador: J. TORRES
Nacionalidade do Jogador: MEXICO
Clube do jogador: CHICAGO FIRE FOOTBALL CLUB

Nome do jogador: L. AJORQUE
Nacionalidade do Jogador: FRANCE
Clube do jogador: RC STRASBOURG ALSACE

Nome do jogador: T. MONCONDUIT
Nacionalidade do Jogador: FRANCE
Clube do jogador: FC LORIENT

Nome do jogador: V. LOBRY
Nacionalidade do Jogador: FRANCE
Clube do jogador: AS SAINT-ETIENNE

Nome do jogador: L. ABADA
Nacionalidade do Jogador: ISRAEL
Clube do jogador: CELTIC

Nome do jogador: G. AVALOS
Nacionalidade do Jogador: PARAGUAY
Clube do jogador: ARGENTINOS JUNIORS

Nome do jogador: H. LANSBURY
Nacionalidade do Jogador: ENGLAND
Clube do jogador: LUTON TOWN

Nome do jogador: S. MISSIROLI
Nacionalidade do Jogador: ITALY
Clube do jogador: SPAL

Nome do jogador: E. NDOJ
Nacionalidade do Jogador: ALBANIA
Clube do jogador: BRESCIA

Nome do jogador: V. PALSSON
Nacionalidade do Jogador: ICELAND
Clube do jogador: D.C. UNITED

Nome do jogador: B. AJDINI
Nacionalidade do Jogador: KOSOVO
Clube do jogador: SV SANDHAUSEN

Nome do jogador: XIMO NAVARRO
Nacionalidade do Jogador: SPAIN
Clube do jogador: DEPORTIVO ALAVES

Nome do jogador: K. ASLLANI
Nacionalidade do Jogador: ALBANIA
Clube do jogador: INTER

Nome do jogador: C. BRAVO
Nacionalidade do Jogador: CHILE
Clube do jogador: MONTEVIDEO WANDERERS

Nome do jogador: R. NEUDECKER
Nacionalidade do Jogador: GERMANY
Clube do jogador: 1. FC SAARBRUCKEN

Nome do jogador: J. HERNANDEZ
Nacionalidade do Jogador: COLOMBIA
Clube do jogador: ALIANZA PETROLERA

Nome do jogador: J. PASTORE
Nacionalidade do Jogador: ARGENTINA
Clube do jogador: ELCHE CF

Nome do jogador: F. MENDEZ
Nacionalidade do Jogador: CHILE
Clube do jogador: UNION ESPANOLA

Nome do jogador: SAMU CASTILLEJO
Nacionalidade do Jogador: SPAIN
Clube do jogador: VALENCIA CF

Nome do jogador: A. CACI
Nacionalidade do Jogador: FRANCE
Clube do jogador: 1. FSV MAINZ 05

Nome do jogador: C. STYLES
Nacionalidade do Jogador: HUNGARY
Clube do jogador: BARNSLEY

Nome do jogador: A. MODESTE
Nacionalidade do Jogador: FRANCE
Clube do jogador: BORUSSIA DORTMUND

Nome do jogador: J. TEZE
Nacionalidade do Jogador: NETHERLANDS
Clube do jogador: PSV

Nome do jogador: H. SAKHI
Nacionalidade do Jogador: MOROCCO
Clube do jogador: AJ AUXERRE

Nome do jogador: J. EKKELENKAMP
Nacionalidade do Jogador: NETHERLANDS
Clube do jogador: ROYAL ANTWERP FC

Nome do jogador: TONI VILLA
Nacionalidade do Jogador: SPAIN
Clube do jogador: REAL VALLADOLID CF

Nome do jogador: T. BONGONDA
Nacionalidade do Jogador: CONGO DR
Clube do jogador: KRC GENK

Nome do jogador: J. DELGADO
Nacionalidade do Jogador: CHILE
Clube do jogador: FC PACOS DE FERREIRA

Nome do jogador: H. BOUMOUS
Nacionalidade do Jogador: MOROCCO
Clube do jogador: ATK MOHUN BAGAN FC

Nome do jogador: M. BUCHEL
Nacionalidade do Jogador: LIECHTENSTEIN
Clube do jogador: ASCOLI

Nome do jogador: C. HIGUITA
Nacionalidade do Jogador: COLOMBIA
Clube do jogador: JUNIOR FC

Nome do jogador: B. BRERETON DIAZ
Nacionalidade do Jogador: CHILE
Clube do jogador: BLACKBURN ROVERS

Nome do jogador: C. WOOD
Nacionalidade do Jogador: NEW ZEALAND
Clube do jogador: NEWCASTLE UNITED

Nome do jogador: M. MORISHIGE
Nacionalidade do Jogador: JAPAN
Clube do jogador: FC TOKYO

Nome do jogador: C. BRANNAGAN
Nacionalidade do Jogador: ENGLAND
Clube do jogador: OXFORD UNITED

Nome do jogador: H. DALSGAARD
Nacionalidade do Jogador: DENMARK
Clube do jogador: FC MIDTJYLLAND

Nome do jogador: TONI LATO
Nacionalidade do Jogador: SPAIN
Clube do jogador: VALENCIA CF

Nome do jogador: R. VAN RHIJN
Nacionalidade do Jogador: NETHERLANDS
Clube do jogador: KARLSRUHER SC

Nome do jogador: M. DE CUYPER
Nacionalidade do Jogador: BELGIUM
Clube do jogador: KVC WESTERLO

Nome do jogador: MANU GARCIA
Nacionalidade do Jogador: SPAIN
Clube do jogador: DEPORTIVO ALAVES

Nome do jogador: S. JANKO
Nacionalidade do Jogador: GAMBIA
Clube do jogador: VFL BOCHUM 1848

Nome do jogador: D. FLETCHER
Nacionalidade do Jogador: SCOTLAND
Clube do jogador: STOKE CITY

Nome do jogador: M. RISTIC
Nacionalidade do Jogador: SERBIA
Clube do jogador: SL BENFICA

