Busca 1

Nome do jogador: N. BARELLA
Nacionalidade do Jogador: ITALY
Clube do jogador: INTER

Nome do jogador: F. DIMARCO
Nacionalidade do Jogador: ITALY
Clube do jogador: INTER

Nome do jogador: D. D'AMBROSIO
Nacionalidade do Jogador: ITALY
Clube do jogador: INTER

Nome do jogador: M. DARMIAN
Nacionalidade do Jogador: ITALY
Clube do jogador: INTER

Busca 2

Nome do jogador: A. TCHOUAMENI
Nacionalidade do Jogador: FRANCE
Clube do jogador: REAL MADRID CF

Nome do jogador: A. GOUIRI
Nacionalidade do Jogador: FRANCE
Clube do jogador: OGC NICE

Nome do jogador: Y. HAMACHE
Nacionalidade do Jogador: FRANCE
Clube do jogador: BOAVISTA FC

Nome do jogador: M. CAQUERET
Nacionalidade do Jogador: FRANCE
Clube do jogador: OLYMPIQUE LYONNAIS

Nome do jogador: B. KAMARA
Nacionalidade do Jogador: FRANCE
Clube do jogador: ASTON VILLA

Busca 3

Nome do jogador: L. GORETZKA
Nacionalidade do Jogador: GERMANY
Clube do jogador: FC BAYERN MUNCHEN

Nome do jogador: J. KIMMICH
Nacionalidade do Jogador: GERMANY
Clube do jogador: FC BAYERN MUNCHEN


