Busca 1

Nome do jogador: H. MUKHTAR
Nacionalidade do Jogador: GERMANY
Clube do jogador: NASHVILLE SC

Nome do jogador: B. SCHMITZ
Nacionalidade do Jogador: GERMANY
Clube do jogador: 1. FC KOLN

Nome do jogador: P. FORSTER
Nacionalidade do Jogador: GERMANY
Clube do jogador: VFL BOCHUM 1848

Busca 2

Nome do jogador: L. BONUCCI
Nacionalidade do Jogador: ITALY
Clube do jogador: JUVENTUS

Nome do jogador: D. VLAHOVIC
Nacionalidade do Jogador: SERBIA
Clube do jogador: JUVENTUS

Nome do jogador: N. FAGIOLI
Nacionalidade do Jogador: ITALY
Clube do jogador: JUVENTUS

Nome do jogador: M. PJACA
Nacionalidade do Jogador: CROATIA
Clube do jogador: JUVENTUS

Nome do jogador: M. DE SCIGLIO
Nacionalidade do Jogador: ITALY
Clube do jogador: JUVENTUS


