Busca 1

Registro inexistente.

Busca 2

Nome do jogador: ANSU FATI
Nacionalidade do Jogador: SPAIN
Clube do jogador: FC BARCELONA

Busca 3

Nome do jogador: M. GRADEL
Nacionalidade do Jogador: COTE D'IVOIRE
Clube do jogador: DEMIR GRUP SIVASSPOR

Nome do jogador: WELLINGTON SABRAO
Nacionalidade do Jogador: BRAZIL
Clube do jogador: FLAMENGO

Nome do jogador: J. MCARTHUR
Nacionalidade do Jogador: SCOTLAND
Clube do jogador: CRYSTAL PALACE

Nome do jogador: A. NYOM
Nacionalidade do Jogador: CAMEROON
Clube do jogador: CD LEGANES

Nome do jogador: Y. EL ARABI
Nacionalidade do Jogador: MOROCCO
Clube do jogador: OLYMPIACOS CFP

Nome do jogador: M. JAJALO
Nacionalidade do Jogador: BOSNIA AND HERZEGOVINA
Clube do jogador: UDINESE CALCIO

Nome do jogador: J. DE GUZMAN
Nacionalidade do Jogador: NETHERLANDS
Clube do jogador: SPARTA ROTTERDAM

Nome do jogador: J. HOWSON
Nacionalidade do Jogador: ENGLAND
Clube do jogador: MIDDLESBROUGH

Nome do jogador: M. OLSSON
Nacionalidade do Jogador: SWEDEN
Clube do jogador: MALMO FF

Nome do jogador: RAUL
Nacionalidade do Jogador: SPAIN
Clube do jogador: FC SCHALKE 04

Nome do jogador: D. MBOKANI
Nacionalidade do Jogador: CONGO DR
Clube do jogador: ROYAL ANTWERP FC

Nome do jogador: COKE
Nacionalidade do Jogador: SPAIN
Clube do jogador: LEVANTE UNION DEPORTIVA

Nome do jogador: PEDRO LEON
Nacionalidade do Jogador: SPAIN
Clube do jogador: CF FUENLABRADA

Nome do jogador: I. SLIMANI
Nacionalidade do Jogador: ALGERIA
Clube do jogador: SPORTING CP

Nome do jogador: N. OTAMENDI
Nacionalidade do Jogador: ARGENTINA
Clube do jogador: SL BENFICA

Nome do jogador: SIMAO ACUNHA
Nacionalidade do Jogador: BRAZIL
Clube do jogador: CLUBE ATLETICO MINEIRO

Nome do jogador: IBORRA
Nacionalidade do Jogador: SPAIN
Clube do jogador: LEVANTE UNION DEPORTIVA

Nome do jogador: A. SAID
Nacionalidade do Jogador: EGYPT
Clube do jogador: SEM DADO

Nome do jogador: J. HERNANDEZ
Nacionalidade do Jogador: MEXICO
Clube do jogador: LA GALAXY

Nome do jogador: S. MISSIROLI
Nacionalidade do Jogador: ITALY
Clube do jogador: SPAL

Nome do jogador: M. MORISHIGE
Nacionalidade do Jogador: JAPAN
Clube do jogador: FC TOKYO

Busca 4

Registro inexistente.


